<?xml version="1.0" encoding="UTF-8"?><testsuite name="nosetests" tests="426" errors="4" failures="7" skip="20"><testcase classname="nose.failure.Failure" name="runTest" time="0.000"><error type="builtins.RuntimeError" message="Python is not installed as a framework. The Mac OS X backend will not be able to function correctly if Python is not installed as a framework. See the Python documentation for more information on installing Python as a framework on Mac OS X. Please either reinstall Python as a framework, or try one of the other backends. If you are Working with Matplotlib in a virtual enviroment see 'Working with Matplotlib in Virtual environments' in the Matplotlib FAQ"><![CDATA[Traceback (most recent call last):
  File "/usr/local/Cellar/python3/3.5.1/Frameworks/Python.framework/Versions/3.5/lib/python3.5/unittest/case.py", line 58, in testPartExecutor
    yield
  File "/usr/local/Cellar/python3/3.5.1/Frameworks/Python.framework/Versions/3.5/lib/python3.5/unittest/case.py", line 600, in run
    testMethod()
  File "/Users/adamn1/.venvs/nltk/lib/python3.5/site-packages/nose/failure.py", line 39, in runTest
    raise self.exc_val.with_traceback(self.tb)
  File "/Users/adamn1/.venvs/nltk/lib/python3.5/site-packages/nose/loader.py", line 418, in loadTestsFromName
    addr.filename, addr.module)
  File "/Users/adamn1/.venvs/nltk/lib/python3.5/site-packages/nose/importer.py", line 47, in importFromPath
    return self.importFromDir(dir_path, fqname)
  File "/Users/adamn1/.venvs/nltk/lib/python3.5/site-packages/nose/importer.py", line 94, in importFromDir
    mod = load_module(part_fqname, fh, filename, desc)
  File "/Users/adamn1/.venvs/nltk/lib/python3.5/imp.py", line 244, in load_module
    return load_package(name, filename)
  File "/Users/adamn1/.venvs/nltk/lib/python3.5/imp.py", line 216, in load_package
    return _load(spec)
  File "<frozen importlib._bootstrap>", line 693, in _load
  File "<frozen importlib._bootstrap>", line 673, in _load_unlocked
  File "<frozen importlib._bootstrap_external>", line 662, in exec_module
  File "<frozen importlib._bootstrap>", line 222, in _call_with_frames_removed
  File "/Users/adamn1/dev/nltk/nltk/app/__init__.py", line 42, in <module>
    from matplotlib import pylab
  File "/Users/adamn1/.venvs/nltk/lib/python3.5/site-packages/matplotlib/pylab.py", line 274, in <module>
    from matplotlib.pyplot import *
  File "/Users/adamn1/.venvs/nltk/lib/python3.5/site-packages/matplotlib/pyplot.py", line 114, in <module>
    _backend_mod, new_figure_manager, draw_if_interactive, _show = pylab_setup()
  File "/Users/adamn1/.venvs/nltk/lib/python3.5/site-packages/matplotlib/backends/__init__.py", line 32, in pylab_setup
    globals(),locals(),[backend_name],0)
  File "/Users/adamn1/.venvs/nltk/lib/python3.5/site-packages/matplotlib/backends/backend_macosx.py", line 24, in <module>
    from matplotlib.backends import _macosx
RuntimeError: Python is not installed as a framework. The Mac OS X backend will not be able to function correctly if Python is not installed as a framework. See the Python documentation for more information on installing Python as a framework on Mac OS X. Please either reinstall Python as a framework, or try one of the other backends. If you are Working with Matplotlib in a virtual enviroment see 'Working with Matplotlib in Virtual environments' in the Matplotlib FAQ
]]></error></testcase><testcase classname="nltk.chunk.regexp.RegexpChunkRule" name="fromstring" time="0.012"></testcase><testcase classname="nltk.chunk.util" name="ChunkScore" time="0.001"></testcase><testcase classname="nltk.classify" name="megam" time="0.001"></testcase><testcase classname="nltk.classify" name="positivenaivebayes" time="0.003"></testcase><testcase classname="nltk.classify" name="scikitlearn" time="0.004"></testcase><testcase classname="nltk.classify" name="senna" time="0.368"></testcase><testcase classname="nltk" name="classify" time="0.002"></testcase><testcase classname="nltk.collections" name="LazyEnumerate" time="0.001"></testcase><testcase classname="nltk.collections" name="LazyMap" time="0.001"></testcase><testcase classname="nltk.collections" name="LazyZip" time="0.001"></testcase><testcase classname="nltk.collections.Trie" name="as_dict" time="0.001"></testcase><testcase classname="nltk.collections.Trie" name="insert" time="0.001"></testcase><testcase classname="nltk.corpus.reader.aligned.AlignedCorpusReader" name="__init__" time="0.001"></testcase><testcase classname="nltk.corpus.reader.categorized_sents" name="CategorizedSentencesCorpusReader" time="0.007"></testcase><testcase classname="nltk.corpus.reader.comparative_sents" name="ComparativeSentencesCorpusReader" time="0.151"></testcase><testcase classname="nltk.corpus.reader.framenet" name="AttrDict" time="0.002"></testcase><testcase classname="nltk.corpus.reader.framenet" name="FramenetCorpusReader" time="1.813"></testcase><testcase classname="nltk.corpus.reader.framenet.FramenetCorpusReader" name="documents" time="0.006"></testcase><testcase classname="nltk.corpus.reader.framenet.FramenetCorpusReader" name="fe_relations" time="0.189"></testcase><testcase classname="nltk.corpus.reader.framenet.FramenetCorpusReader" name="fes" time="5.573"></testcase><testcase classname="nltk.corpus.reader.framenet.FramenetCorpusReader" name="frame" time="0.003"></testcase><testcase classname="nltk.corpus.reader.framenet.FramenetCorpusReader" name="frame_by_id" time="0.002"></testcase><testcase classname="nltk.corpus.reader.framenet.FramenetCorpusReader" name="frame_by_name" time="0.002"></testcase><testcase classname="nltk.corpus.reader.framenet.FramenetCorpusReader" name="frame_relation_types" time="0.002"></testcase><testcase classname="nltk.corpus.reader.framenet.FramenetCorpusReader" name="frame_relations" time="0.020"></testcase><testcase classname="nltk.corpus.reader.framenet.FramenetCorpusReader" name="frames" time="0.005"></testcase><testcase classname="nltk.corpus.reader.framenet.FramenetCorpusReader" name="frames_by_lemma" time="0.023"></testcase><testcase classname="nltk.corpus.reader.framenet.FramenetCorpusReader" name="lu" time="0.002"></testcase><testcase classname="nltk.corpus.reader.framenet.FramenetCorpusReader" name="lu_basic" time="0.001"></testcase><testcase classname="nltk.corpus.reader.framenet.FramenetCorpusReader" name="lus" time="0.044"></testcase><testcase classname="nltk.corpus.reader.framenet.FramenetCorpusReader" name="propagate_semtypes" time="2.162"></testcase><testcase classname="nltk.corpus.reader.framenet.FramenetCorpusReader" name="semtype" time="0.002"></testcase><testcase classname="nltk.corpus.reader.framenet.FramenetCorpusReader" name="semtypes" time="0.002"></testcase><testcase classname="nltk.corpus.reader.knbc" name="KNBCorpusReader" time="0.300"></testcase><testcase classname="nltk.corpus.reader.mte.MTECorpusReader" name="__init__" time="0.002"></testcase><testcase classname="nltk.corpus.reader.opinion_lexicon" name="OpinionLexiconCorpusReader" time="0.083"></testcase><testcase classname="nltk.corpus.reader.plaintext.PlaintextCorpusReader" name="__init__" time="0.001"></testcase><testcase classname="nltk.corpus.reader.pros_cons" name="ProsConsCorpusReader" time="0.004"></testcase><testcase classname="nltk.corpus.reader.reviews" name="ReviewsCorpusReader" time="0.182"></testcase><testcase classname="nltk.corpus.reader" name="sentiwordnet" time="0.016"></testcase><testcase classname="nltk.corpus.reader.tagged.TaggedCorpusReader" name="__init__" time="0.002"></testcase><testcase classname="nltk.corpus.reader" name="timit" time="0.001"></testcase><testcase classname="nltk.corpus.reader.util" name="PickleCorpusView" time="0.001"></testcase><testcase classname="nltk.corpus.reader.util" name="StreamBackedCorpusView" time="0.001"></testcase><testcase classname="nltk.corpus.reader.wordlist.NonbreakingPrefixesCorpusReader" name="words" time="0.004"><failure type="builtins.AssertionError" message="Failed doctest test for nltk.corpus.reader.wordlist.NonbreakingPrefixesCorpusReader.words&#10;  File &quot;/Users/adamn1/dev/nltk/nltk/corpus/reader/wordlist.py&quot;, line 58, in words&#10;&#10;----------------------------------------------------------------------&#10;File &quot;/Users/adamn1/dev/nltk/nltk/corpus/reader/wordlist.py&quot;, line 64, in nltk.corpus.reader.wordlist.NonbreakingPrefixesCorpusReader.words&#10;Failed example:&#10;    nbp.words('en')[:10] == [u'A', u'B', u'C', u'D', u'E', u'F', u'G', u'H', u'I', u'J']&#10;Exception raised:&#10;    Traceback (most recent call last):&#10;      File &quot;/Users/adamn1/dev/nltk/nltk/corpus/util.py&quot;, line 80, in __load&#10;        try: root = nltk.data.find('{}/{}'.format(self.subdir, zip_name))&#10;      File &quot;/Users/adamn1/dev/nltk/nltk/data.py&quot;, line 641, in find&#10;        raise LookupError(resource_not_found)&#10;    LookupError: &#10;    **********************************************************************&#10;      Resource&#10;      'corpora/nonbreaking_prefixes.zip/nonbreaking_prefixes/' not&#10;      found.  Please use the NLTK Downloader to obtain the resource:&#10;      &gt;&gt;&gt; nltk.download()&#10;      Searched in:&#10;        - '/Users/adamn1/nltk_data'&#10;        - '/usr/share/nltk_data'&#10;        - '/usr/local/share/nltk_data'&#10;        - '/usr/lib/nltk_data'&#10;        - '/usr/local/lib/nltk_data'&#10;    **********************************************************************&#10;&#10;    During handling of the above exception, another exception occurred:&#10;&#10;    Traceback (most recent call last):&#10;      File &quot;/usr/local/Cellar/python3/3.5.1/Frameworks/Python.framework/Versions/3.5/lib/python3.5/doctest.py&quot;, line 1320, in __run&#10;        compileflags, 1), test.globs)&#10;      File &quot;&lt;doctest nltk.corpus.reader.wordlist.NonbreakingPrefixesCorpusReader.words[1]&gt;&quot;, line 1, in &lt;module&gt;&#10;        nbp.words('en')[:10] == [u'A', u'B', u'C', u'D', u'E', u'F', u'G', u'H', u'I', u'J']&#10;      File &quot;/Users/adamn1/dev/nltk/nltk/corpus/util.py&quot;, line 116, in __getattr__&#10;        self.__load()&#10;      File &quot;/Users/adamn1/dev/nltk/nltk/corpus/util.py&quot;, line 81, in __load&#10;        except LookupError: raise e&#10;      File &quot;/Users/adamn1/dev/nltk/nltk/corpus/util.py&quot;, line 78, in __load&#10;        root = nltk.data.find('{}/{}'.format(self.subdir, self.__name))&#10;      File &quot;/Users/adamn1/dev/nltk/nltk/data.py&quot;, line 641, in find&#10;        raise LookupError(resource_not_found)&#10;    LookupError: &#10;    **********************************************************************&#10;      Resource 'corpora/nonbreaking_prefixes' not found.  Please use&#10;      the NLTK Downloader to obtain the resource:  &gt;&gt;&gt; nltk.download()&#10;      Searched in:&#10;        - '/Users/adamn1/nltk_data'&#10;        - '/usr/share/nltk_data'&#10;        - '/usr/local/share/nltk_data'&#10;        - '/usr/lib/nltk_data'&#10;        - '/usr/local/lib/nltk_data'&#10;    **********************************************************************&#10;----------------------------------------------------------------------&#10;File &quot;/Users/adamn1/dev/nltk/nltk/corpus/reader/wordlist.py&quot;, line 66, in nltk.corpus.reader.wordlist.NonbreakingPrefixesCorpusReader.words&#10;Failed example:&#10;    nbp.words('ta')[:5] == [u'அ', u'ஆ', u'இ', u'ஈ', u'உ']&#10;Exception raised:&#10;    Traceback (most recent call last):&#10;      File &quot;/Users/adamn1/dev/nltk/nltk/corpus/util.py&quot;, line 80, in __load&#10;        try: root = nltk.data.find('{}/{}'.format(self.subdir, zip_name))&#10;      File &quot;/Users/adamn1/dev/nltk/nltk/data.py&quot;, line 641, in find&#10;        raise LookupError(resource_not_found)&#10;    LookupError: &#10;    **********************************************************************&#10;      Resource&#10;      'corpora/nonbreaking_prefixes.zip/nonbreaking_prefixes/' not&#10;      found.  Please use the NLTK Downloader to obtain the resource:&#10;      &gt;&gt;&gt; nltk.download()&#10;      Searched in:&#10;        - '/Users/adamn1/nltk_data'&#10;        - '/usr/share/nltk_data'&#10;        - '/usr/local/share/nltk_data'&#10;        - '/usr/lib/nltk_data'&#10;        - '/usr/local/lib/nltk_data'&#10;    **********************************************************************&#10;&#10;    During handling of the above exception, another exception occurred:&#10;&#10;    Traceback (most recent call last):&#10;      File &quot;/usr/local/Cellar/python3/3.5.1/Frameworks/Python.framework/Versions/3.5/lib/python3.5/doctest.py&quot;, line 1320, in __run&#10;        compileflags, 1), test.globs)&#10;      File &quot;&lt;doctest nltk.corpus.reader.wordlist.NonbreakingPrefixesCorpusReader.words[2]&gt;&quot;, line 1, in &lt;module&gt;&#10;        nbp.words('ta')[:5] == [u'அ', u'ஆ', u'இ', u'ஈ', u'உ']&#10;      File &quot;/Users/adamn1/dev/nltk/nltk/corpus/util.py&quot;, line 116, in __getattr__&#10;        self.__load()&#10;      File &quot;/Users/adamn1/dev/nltk/nltk/corpus/util.py&quot;, line 81, in __load&#10;        except LookupError: raise e&#10;      File &quot;/Users/adamn1/dev/nltk/nltk/corpus/util.py&quot;, line 78, in __load&#10;        root = nltk.data.find('{}/{}'.format(self.subdir, self.__name))&#10;      File &quot;/Users/adamn1/dev/nltk/nltk/data.py&quot;, line 641, in find&#10;        raise LookupError(resource_not_found)&#10;    LookupError: &#10;    **********************************************************************&#10;      Resource 'corpora/nonbreaking_prefixes' not found.  Please use&#10;      the NLTK Downloader to obtain the resource:  &gt;&gt;&gt; nltk.download()&#10;      Searched in:&#10;        - '/Users/adamn1/nltk_data'&#10;        - '/usr/share/nltk_data'&#10;        - '/usr/local/share/nltk_data'&#10;        - '/usr/lib/nltk_data'&#10;        - '/usr/local/lib/nltk_data'&#10;    **********************************************************************&#10;"><![CDATA[Traceback (most recent call last):
  File "/usr/local/Cellar/python3/3.5.1/Frameworks/Python.framework/Versions/3.5/lib/python3.5/unittest/case.py", line 58, in testPartExecutor
    yield
  File "/usr/local/Cellar/python3/3.5.1/Frameworks/Python.framework/Versions/3.5/lib/python3.5/unittest/case.py", line 600, in run
    testMethod()
  File "/usr/local/Cellar/python3/3.5.1/Frameworks/Python.framework/Versions/3.5/lib/python3.5/doctest.py", line 2189, in runTest
    raise self.failureException(self.format_failure(new.getvalue()))
AssertionError: Failed doctest test for nltk.corpus.reader.wordlist.NonbreakingPrefixesCorpusReader.words
  File "/Users/adamn1/dev/nltk/nltk/corpus/reader/wordlist.py", line 58, in words

----------------------------------------------------------------------
File "/Users/adamn1/dev/nltk/nltk/corpus/reader/wordlist.py", line 64, in nltk.corpus.reader.wordlist.NonbreakingPrefixesCorpusReader.words
Failed example:
    nbp.words('en')[:10] == [u'A', u'B', u'C', u'D', u'E', u'F', u'G', u'H', u'I', u'J']
Exception raised:
    Traceback (most recent call last):
      File "/Users/adamn1/dev/nltk/nltk/corpus/util.py", line 80, in __load
        try: root = nltk.data.find('{}/{}'.format(self.subdir, zip_name))
      File "/Users/adamn1/dev/nltk/nltk/data.py", line 641, in find
        raise LookupError(resource_not_found)
    LookupError: 
    **********************************************************************
      Resource
      'corpora/nonbreaking_prefixes.zip/nonbreaking_prefixes/' not
      found.  Please use the NLTK Downloader to obtain the resource:
      >>> nltk.download()
      Searched in:
        - '/Users/adamn1/nltk_data'
        - '/usr/share/nltk_data'
        - '/usr/local/share/nltk_data'
        - '/usr/lib/nltk_data'
        - '/usr/local/lib/nltk_data'
    **********************************************************************

    During handling of the above exception, another exception occurred:

    Traceback (most recent call last):
      File "/usr/local/Cellar/python3/3.5.1/Frameworks/Python.framework/Versions/3.5/lib/python3.5/doctest.py", line 1320, in __run
        compileflags, 1), test.globs)
      File "<doctest nltk.corpus.reader.wordlist.NonbreakingPrefixesCorpusReader.words[1]>", line 1, in <module>
        nbp.words('en')[:10] == [u'A', u'B', u'C', u'D', u'E', u'F', u'G', u'H', u'I', u'J']
      File "/Users/adamn1/dev/nltk/nltk/corpus/util.py", line 116, in __getattr__
        self.__load()
      File "/Users/adamn1/dev/nltk/nltk/corpus/util.py", line 81, in __load
        except LookupError: raise e
      File "/Users/adamn1/dev/nltk/nltk/corpus/util.py", line 78, in __load
        root = nltk.data.find('{}/{}'.format(self.subdir, self.__name))
      File "/Users/adamn1/dev/nltk/nltk/data.py", line 641, in find
        raise LookupError(resource_not_found)
    LookupError: 
    **********************************************************************
      Resource 'corpora/nonbreaking_prefixes' not found.  Please use
      the NLTK Downloader to obtain the resource:  >>> nltk.download()
      Searched in:
        - '/Users/adamn1/nltk_data'
        - '/usr/share/nltk_data'
        - '/usr/local/share/nltk_data'
        - '/usr/lib/nltk_data'
        - '/usr/local/lib/nltk_data'
    **********************************************************************
----------------------------------------------------------------------
File "/Users/adamn1/dev/nltk/nltk/corpus/reader/wordlist.py", line 66, in nltk.corpus.reader.wordlist.NonbreakingPrefixesCorpusReader.words
Failed example:
    nbp.words('ta')[:5] == [u'அ', u'ஆ', u'இ', u'ஈ', u'உ']
Exception raised:
    Traceback (most recent call last):
      File "/Users/adamn1/dev/nltk/nltk/corpus/util.py", line 80, in __load
        try: root = nltk.data.find('{}/{}'.format(self.subdir, zip_name))
      File "/Users/adamn1/dev/nltk/nltk/data.py", line 641, in find
        raise LookupError(resource_not_found)
    LookupError: 
    **********************************************************************
      Resource
      'corpora/nonbreaking_prefixes.zip/nonbreaking_prefixes/' not
      found.  Please use the NLTK Downloader to obtain the resource:
      >>> nltk.download()
      Searched in:
        - '/Users/adamn1/nltk_data'
        - '/usr/share/nltk_data'
        - '/usr/local/share/nltk_data'
        - '/usr/lib/nltk_data'
        - '/usr/local/lib/nltk_data'
    **********************************************************************

    During handling of the above exception, another exception occurred:

    Traceback (most recent call last):
      File "/usr/local/Cellar/python3/3.5.1/Frameworks/Python.framework/Versions/3.5/lib/python3.5/doctest.py", line 1320, in __run
        compileflags, 1), test.globs)
      File "<doctest nltk.corpus.reader.wordlist.NonbreakingPrefixesCorpusReader.words[2]>", line 1, in <module>
        nbp.words('ta')[:5] == [u'அ', u'ஆ', u'இ', u'ஈ', u'உ']
      File "/Users/adamn1/dev/nltk/nltk/corpus/util.py", line 116, in __getattr__
        self.__load()
      File "/Users/adamn1/dev/nltk/nltk/corpus/util.py", line 81, in __load
        except LookupError: raise e
      File "/Users/adamn1/dev/nltk/nltk/corpus/util.py", line 78, in __load
        root = nltk.data.find('{}/{}'.format(self.subdir, self.__name))
      File "/Users/adamn1/dev/nltk/nltk/data.py", line 641, in find
        raise LookupError(resource_not_found)
    LookupError: 
    **********************************************************************
      Resource 'corpora/nonbreaking_prefixes' not found.  Please use
      the NLTK Downloader to obtain the resource:  >>> nltk.download()
      Searched in:
        - '/Users/adamn1/nltk_data'
        - '/usr/share/nltk_data'
        - '/usr/local/share/nltk_data'
        - '/usr/lib/nltk_data'
        - '/usr/local/lib/nltk_data'
    **********************************************************************

]]></failure></testcase><testcase classname="nltk.corpus.reader.wordlist.UnicharsCorpusReader" name="chars" time="0.005"><failure type="builtins.AssertionError" message="Failed doctest test for nltk.corpus.reader.wordlist.UnicharsCorpusReader.chars&#10;  File &quot;/Users/adamn1/dev/nltk/nltk/corpus/reader/wordlist.py&quot;, line 92, in chars&#10;&#10;----------------------------------------------------------------------&#10;File &quot;/Users/adamn1/dev/nltk/nltk/corpus/reader/wordlist.py&quot;, line 98, in nltk.corpus.reader.wordlist.UnicharsCorpusReader.chars&#10;Failed example:&#10;    pup.chars('Open_Punctuation')[:5] == [u'(', u'[', u'{', u'༺', u'༼']&#10;Exception raised:&#10;    Traceback (most recent call last):&#10;      File &quot;/Users/adamn1/dev/nltk/nltk/corpus/util.py&quot;, line 80, in __load&#10;        try: root = nltk.data.find('{}/{}'.format(self.subdir, zip_name))&#10;      File &quot;/Users/adamn1/dev/nltk/nltk/data.py&quot;, line 641, in find&#10;        raise LookupError(resource_not_found)&#10;    LookupError: &#10;    **********************************************************************&#10;      Resource 'misc/perluniprops.zip/perluniprops/' not found.&#10;      Please use the NLTK Downloader to obtain the resource:  &gt;&gt;&gt;&#10;      nltk.download()&#10;      Searched in:&#10;        - '/Users/adamn1/nltk_data'&#10;        - '/usr/share/nltk_data'&#10;        - '/usr/local/share/nltk_data'&#10;        - '/usr/lib/nltk_data'&#10;        - '/usr/local/lib/nltk_data'&#10;    **********************************************************************&#10;&#10;    During handling of the above exception, another exception occurred:&#10;&#10;    Traceback (most recent call last):&#10;      File &quot;/usr/local/Cellar/python3/3.5.1/Frameworks/Python.framework/Versions/3.5/lib/python3.5/doctest.py&quot;, line 1320, in __run&#10;        compileflags, 1), test.globs)&#10;      File &quot;&lt;doctest nltk.corpus.reader.wordlist.UnicharsCorpusReader.chars[1]&gt;&quot;, line 1, in &lt;module&gt;&#10;        pup.chars('Open_Punctuation')[:5] == [u'(', u'[', u'{', u'༺', u'༼']&#10;      File &quot;/Users/adamn1/dev/nltk/nltk/corpus/util.py&quot;, line 116, in __getattr__&#10;        self.__load()&#10;      File &quot;/Users/adamn1/dev/nltk/nltk/corpus/util.py&quot;, line 81, in __load&#10;        except LookupError: raise e&#10;      File &quot;/Users/adamn1/dev/nltk/nltk/corpus/util.py&quot;, line 78, in __load&#10;        root = nltk.data.find('{}/{}'.format(self.subdir, self.__name))&#10;      File &quot;/Users/adamn1/dev/nltk/nltk/data.py&quot;, line 641, in find&#10;        raise LookupError(resource_not_found)&#10;    LookupError: &#10;    **********************************************************************&#10;      Resource 'misc/perluniprops' not found.  Please use the NLTK&#10;      Downloader to obtain the resource:  &gt;&gt;&gt; nltk.download()&#10;      Searched in:&#10;        - '/Users/adamn1/nltk_data'&#10;        - '/usr/share/nltk_data'&#10;        - '/usr/local/share/nltk_data'&#10;        - '/usr/lib/nltk_data'&#10;        - '/usr/local/lib/nltk_data'&#10;    **********************************************************************&#10;----------------------------------------------------------------------&#10;File &quot;/Users/adamn1/dev/nltk/nltk/corpus/reader/wordlist.py&quot;, line 100, in nltk.corpus.reader.wordlist.UnicharsCorpusReader.chars&#10;Failed example:&#10;    pup.chars('Currency_Symbol')[:5] == [u'$', u'¢', u'£', u'¤', u'¥']&#10;Exception raised:&#10;    Traceback (most recent call last):&#10;      File &quot;/Users/adamn1/dev/nltk/nltk/corpus/util.py&quot;, line 80, in __load&#10;        try: root = nltk.data.find('{}/{}'.format(self.subdir, zip_name))&#10;      File &quot;/Users/adamn1/dev/nltk/nltk/data.py&quot;, line 641, in find&#10;        raise LookupError(resource_not_found)&#10;    LookupError: &#10;    **********************************************************************&#10;      Resource 'misc/perluniprops.zip/perluniprops/' not found.&#10;      Please use the NLTK Downloader to obtain the resource:  &gt;&gt;&gt;&#10;      nltk.download()&#10;      Searched in:&#10;        - '/Users/adamn1/nltk_data'&#10;        - '/usr/share/nltk_data'&#10;        - '/usr/local/share/nltk_data'&#10;        - '/usr/lib/nltk_data'&#10;        - '/usr/local/lib/nltk_data'&#10;    **********************************************************************&#10;&#10;    During handling of the above exception, another exception occurred:&#10;&#10;    Traceback (most recent call last):&#10;      File &quot;/usr/local/Cellar/python3/3.5.1/Frameworks/Python.framework/Versions/3.5/lib/python3.5/doctest.py&quot;, line 1320, in __run&#10;        compileflags, 1), test.globs)&#10;      File &quot;&lt;doctest nltk.corpus.reader.wordlist.UnicharsCorpusReader.chars[2]&gt;&quot;, line 1, in &lt;module&gt;&#10;        pup.chars('Currency_Symbol')[:5] == [u'$', u'¢', u'£', u'¤', u'¥']&#10;      File &quot;/Users/adamn1/dev/nltk/nltk/corpus/util.py&quot;, line 116, in __getattr__&#10;        self.__load()&#10;      File &quot;/Users/adamn1/dev/nltk/nltk/corpus/util.py&quot;, line 81, in __load&#10;        except LookupError: raise e&#10;      File &quot;/Users/adamn1/dev/nltk/nltk/corpus/util.py&quot;, line 78, in __load&#10;        root = nltk.data.find('{}/{}'.format(self.subdir, self.__name))&#10;      File &quot;/Users/adamn1/dev/nltk/nltk/data.py&quot;, line 641, in find&#10;        raise LookupError(resource_not_found)&#10;    LookupError: &#10;    **********************************************************************&#10;      Resource 'misc/perluniprops' not found.  Please use the NLTK&#10;      Downloader to obtain the resource:  &gt;&gt;&gt; nltk.download()&#10;      Searched in:&#10;        - '/Users/adamn1/nltk_data'&#10;        - '/usr/share/nltk_data'&#10;        - '/usr/local/share/nltk_data'&#10;        - '/usr/lib/nltk_data'&#10;        - '/usr/local/lib/nltk_data'&#10;    **********************************************************************&#10;----------------------------------------------------------------------&#10;File &quot;/Users/adamn1/dev/nltk/nltk/corpus/reader/wordlist.py&quot;, line 102, in nltk.corpus.reader.wordlist.UnicharsCorpusReader.chars&#10;Failed example:&#10;    pup.available_categories&#10;Exception raised:&#10;    Traceback (most recent call last):&#10;      File &quot;/Users/adamn1/dev/nltk/nltk/corpus/util.py&quot;, line 80, in __load&#10;        try: root = nltk.data.find('{}/{}'.format(self.subdir, zip_name))&#10;      File &quot;/Users/adamn1/dev/nltk/nltk/data.py&quot;, line 641, in find&#10;        raise LookupError(resource_not_found)&#10;    LookupError: &#10;    **********************************************************************&#10;      Resource 'misc/perluniprops.zip/perluniprops/' not found.&#10;      Please use the NLTK Downloader to obtain the resource:  &gt;&gt;&gt;&#10;      nltk.download()&#10;      Searched in:&#10;        - '/Users/adamn1/nltk_data'&#10;        - '/usr/share/nltk_data'&#10;        - '/usr/local/share/nltk_data'&#10;        - '/usr/lib/nltk_data'&#10;        - '/usr/local/lib/nltk_data'&#10;    **********************************************************************&#10;&#10;    During handling of the above exception, another exception occurred:&#10;&#10;    Traceback (most recent call last):&#10;      File &quot;/usr/local/Cellar/python3/3.5.1/Frameworks/Python.framework/Versions/3.5/lib/python3.5/doctest.py&quot;, line 1320, in __run&#10;        compileflags, 1), test.globs)&#10;      File &quot;&lt;doctest nltk.corpus.reader.wordlist.UnicharsCorpusReader.chars[3]&gt;&quot;, line 1, in &lt;module&gt;&#10;        pup.available_categories&#10;      File &quot;/Users/adamn1/dev/nltk/nltk/corpus/util.py&quot;, line 116, in __getattr__&#10;        self.__load()&#10;      File &quot;/Users/adamn1/dev/nltk/nltk/corpus/util.py&quot;, line 81, in __load&#10;        except LookupError: raise e&#10;      File &quot;/Users/adamn1/dev/nltk/nltk/corpus/util.py&quot;, line 78, in __load&#10;        root = nltk.data.find('{}/{}'.format(self.subdir, self.__name))&#10;      File &quot;/Users/adamn1/dev/nltk/nltk/data.py&quot;, line 641, in find&#10;        raise LookupError(resource_not_found)&#10;    LookupError: &#10;    **********************************************************************&#10;      Resource 'misc/perluniprops' not found.  Please use the NLTK&#10;      Downloader to obtain the resource:  &gt;&gt;&gt; nltk.download()&#10;      Searched in:&#10;        - '/Users/adamn1/nltk_data'&#10;        - '/usr/share/nltk_data'&#10;        - '/usr/local/share/nltk_data'&#10;        - '/usr/lib/nltk_data'&#10;        - '/usr/local/lib/nltk_data'&#10;    **********************************************************************&#10;"><![CDATA[Traceback (most recent call last):
  File "/usr/local/Cellar/python3/3.5.1/Frameworks/Python.framework/Versions/3.5/lib/python3.5/unittest/case.py", line 58, in testPartExecutor
    yield
  File "/usr/local/Cellar/python3/3.5.1/Frameworks/Python.framework/Versions/3.5/lib/python3.5/unittest/case.py", line 600, in run
    testMethod()
  File "/usr/local/Cellar/python3/3.5.1/Frameworks/Python.framework/Versions/3.5/lib/python3.5/doctest.py", line 2189, in runTest
    raise self.failureException(self.format_failure(new.getvalue()))
AssertionError: Failed doctest test for nltk.corpus.reader.wordlist.UnicharsCorpusReader.chars
  File "/Users/adamn1/dev/nltk/nltk/corpus/reader/wordlist.py", line 92, in chars

----------------------------------------------------------------------
File "/Users/adamn1/dev/nltk/nltk/corpus/reader/wordlist.py", line 98, in nltk.corpus.reader.wordlist.UnicharsCorpusReader.chars
Failed example:
    pup.chars('Open_Punctuation')[:5] == [u'(', u'[', u'{', u'༺', u'༼']
Exception raised:
    Traceback (most recent call last):
      File "/Users/adamn1/dev/nltk/nltk/corpus/util.py", line 80, in __load
        try: root = nltk.data.find('{}/{}'.format(self.subdir, zip_name))
      File "/Users/adamn1/dev/nltk/nltk/data.py", line 641, in find
        raise LookupError(resource_not_found)
    LookupError: 
    **********************************************************************
      Resource 'misc/perluniprops.zip/perluniprops/' not found.
      Please use the NLTK Downloader to obtain the resource:  >>>
      nltk.download()
      Searched in:
        - '/Users/adamn1/nltk_data'
        - '/usr/share/nltk_data'
        - '/usr/local/share/nltk_data'
        - '/usr/lib/nltk_data'
        - '/usr/local/lib/nltk_data'
    **********************************************************************

    During handling of the above exception, another exception occurred:

    Traceback (most recent call last):
      File "/usr/local/Cellar/python3/3.5.1/Frameworks/Python.framework/Versions/3.5/lib/python3.5/doctest.py", line 1320, in __run
        compileflags, 1), test.globs)
      File "<doctest nltk.corpus.reader.wordlist.UnicharsCorpusReader.chars[1]>", line 1, in <module>
        pup.chars('Open_Punctuation')[:5] == [u'(', u'[', u'{', u'༺', u'༼']
      File "/Users/adamn1/dev/nltk/nltk/corpus/util.py", line 116, in __getattr__
        self.__load()
      File "/Users/adamn1/dev/nltk/nltk/corpus/util.py", line 81, in __load
        except LookupError: raise e
      File "/Users/adamn1/dev/nltk/nltk/corpus/util.py", line 78, in __load
        root = nltk.data.find('{}/{}'.format(self.subdir, self.__name))
      File "/Users/adamn1/dev/nltk/nltk/data.py", line 641, in find
        raise LookupError(resource_not_found)
    LookupError: 
    **********************************************************************
      Resource 'misc/perluniprops' not found.  Please use the NLTK
      Downloader to obtain the resource:  >>> nltk.download()
      Searched in:
        - '/Users/adamn1/nltk_data'
        - '/usr/share/nltk_data'
        - '/usr/local/share/nltk_data'
        - '/usr/lib/nltk_data'
        - '/usr/local/lib/nltk_data'
    **********************************************************************
----------------------------------------------------------------------
File "/Users/adamn1/dev/nltk/nltk/corpus/reader/wordlist.py", line 100, in nltk.corpus.reader.wordlist.UnicharsCorpusReader.chars
Failed example:
    pup.chars('Currency_Symbol')[:5] == [u'$', u'¢', u'£', u'¤', u'¥']
Exception raised:
    Traceback (most recent call last):
      File "/Users/adamn1/dev/nltk/nltk/corpus/util.py", line 80, in __load
        try: root = nltk.data.find('{}/{}'.format(self.subdir, zip_name))
      File "/Users/adamn1/dev/nltk/nltk/data.py", line 641, in find
        raise LookupError(resource_not_found)
    LookupError: 
    **********************************************************************
      Resource 'misc/perluniprops.zip/perluniprops/' not found.
      Please use the NLTK Downloader to obtain the resource:  >>>
      nltk.download()
      Searched in:
        - '/Users/adamn1/nltk_data'
        - '/usr/share/nltk_data'
        - '/usr/local/share/nltk_data'
        - '/usr/lib/nltk_data'
        - '/usr/local/lib/nltk_data'
    **********************************************************************

    During handling of the above exception, another exception occurred:

    Traceback (most recent call last):
      File "/usr/local/Cellar/python3/3.5.1/Frameworks/Python.framework/Versions/3.5/lib/python3.5/doctest.py", line 1320, in __run
        compileflags, 1), test.globs)
      File "<doctest nltk.corpus.reader.wordlist.UnicharsCorpusReader.chars[2]>", line 1, in <module>
        pup.chars('Currency_Symbol')[:5] == [u'$', u'¢', u'£', u'¤', u'¥']
      File "/Users/adamn1/dev/nltk/nltk/corpus/util.py", line 116, in __getattr__
        self.__load()
      File "/Users/adamn1/dev/nltk/nltk/corpus/util.py", line 81, in __load
        except LookupError: raise e
      File "/Users/adamn1/dev/nltk/nltk/corpus/util.py", line 78, in __load
        root = nltk.data.find('{}/{}'.format(self.subdir, self.__name))
      File "/Users/adamn1/dev/nltk/nltk/data.py", line 641, in find
        raise LookupError(resource_not_found)
    LookupError: 
    **********************************************************************
      Resource 'misc/perluniprops' not found.  Please use the NLTK
      Downloader to obtain the resource:  >>> nltk.download()
      Searched in:
        - '/Users/adamn1/nltk_data'
        - '/usr/share/nltk_data'
        - '/usr/local/share/nltk_data'
        - '/usr/lib/nltk_data'
        - '/usr/local/lib/nltk_data'
    **********************************************************************
----------------------------------------------------------------------
File "/Users/adamn1/dev/nltk/nltk/corpus/reader/wordlist.py", line 102, in nltk.corpus.reader.wordlist.UnicharsCorpusReader.chars
Failed example:
    pup.available_categories
Exception raised:
    Traceback (most recent call last):
      File "/Users/adamn1/dev/nltk/nltk/corpus/util.py", line 80, in __load
        try: root = nltk.data.find('{}/{}'.format(self.subdir, zip_name))
      File "/Users/adamn1/dev/nltk/nltk/data.py", line 641, in find
        raise LookupError(resource_not_found)
    LookupError: 
    **********************************************************************
      Resource 'misc/perluniprops.zip/perluniprops/' not found.
      Please use the NLTK Downloader to obtain the resource:  >>>
      nltk.download()
      Searched in:
        - '/Users/adamn1/nltk_data'
        - '/usr/share/nltk_data'
        - '/usr/local/share/nltk_data'
        - '/usr/lib/nltk_data'
        - '/usr/local/lib/nltk_data'
    **********************************************************************

    During handling of the above exception, another exception occurred:

    Traceback (most recent call last):
      File "/usr/local/Cellar/python3/3.5.1/Frameworks/Python.framework/Versions/3.5/lib/python3.5/doctest.py", line 1320, in __run
        compileflags, 1), test.globs)
      File "<doctest nltk.corpus.reader.wordlist.UnicharsCorpusReader.chars[3]>", line 1, in <module>
        pup.available_categories
      File "/Users/adamn1/dev/nltk/nltk/corpus/util.py", line 116, in __getattr__
        self.__load()
      File "/Users/adamn1/dev/nltk/nltk/corpus/util.py", line 81, in __load
        except LookupError: raise e
      File "/Users/adamn1/dev/nltk/nltk/corpus/util.py", line 78, in __load
        root = nltk.data.find('{}/{}'.format(self.subdir, self.__name))
      File "/Users/adamn1/dev/nltk/nltk/data.py", line 641, in find
        raise LookupError(resource_not_found)
    LookupError: 
    **********************************************************************
      Resource 'misc/perluniprops' not found.  Please use the NLTK
      Downloader to obtain the resource:  >>> nltk.download()
      Searched in:
        - '/Users/adamn1/nltk_data'
        - '/usr/share/nltk_data'
        - '/usr/local/share/nltk_data'
        - '/usr/lib/nltk_data'
        - '/usr/local/lib/nltk_data'
    **********************************************************************

]]></failure></testcase><testcase classname="nltk.corpus.reader.wordnet.Synset" name="closure" time="0.008"></testcase><testcase classname="nltk.corpus.reader.wordnet.Synset" name="tree" time="0.003"></testcase><testcase classname="nltk.corpus.reader.wordnet.WordNetCorpusReader" name="morphy" time="0.002"></testcase><testcase classname="nltk.corpus" name="reader" time="6.285"></testcase><testcase classname="nose.failure.Failure" name="runTest" time="0.000"><error type="builtins.LookupError" message="&#10;**********************************************************************&#10;  Resource 'corpora/nonbreaking_prefixes' not found.  Please use&#10;  the NLTK Downloader to obtain the resource:  &gt;&gt;&gt; nltk.download()&#10;  Searched in:&#10;    - '/Users/adamn1/nltk_data'&#10;    - '/usr/share/nltk_data'&#10;    - '/usr/local/share/nltk_data'&#10;    - '/usr/lib/nltk_data'&#10;    - '/usr/local/lib/nltk_data'&#10;**********************************************************************"><![CDATA[Traceback (most recent call last):
  File "/Users/adamn1/dev/nltk/nltk/corpus/util.py", line 80, in __load
    try: root = nltk.data.find('{}/{}'.format(self.subdir, zip_name))
  File "/Users/adamn1/dev/nltk/nltk/data.py", line 641, in find
    raise LookupError(resource_not_found)
LookupError: 
**********************************************************************
  Resource
  'corpora/nonbreaking_prefixes.zip/nonbreaking_prefixes/' not
  found.  Please use the NLTK Downloader to obtain the resource:
  >>> nltk.download()
  Searched in:
    - '/Users/adamn1/nltk_data'
    - '/usr/share/nltk_data'
    - '/usr/local/share/nltk_data'
    - '/usr/lib/nltk_data'
    - '/usr/local/lib/nltk_data'
**********************************************************************

During handling of the above exception, another exception occurred:

Traceback (most recent call last):
  File "/usr/local/Cellar/python3/3.5.1/Frameworks/Python.framework/Versions/3.5/lib/python3.5/unittest/case.py", line 58, in testPartExecutor
    yield
  File "/usr/local/Cellar/python3/3.5.1/Frameworks/Python.framework/Versions/3.5/lib/python3.5/unittest/case.py", line 600, in run
    testMethod()
  File "/Users/adamn1/.venvs/nltk/lib/python3.5/site-packages/nose/failure.py", line 39, in runTest
    raise self.exc_val.with_traceback(self.tb)
  File "/Users/adamn1/.venvs/nltk/lib/python3.5/site-packages/nose/plugins/manager.py", line 154, in generate
    for r in result:
  File "/Users/adamn1/dev/nltk/nltk/test/doctest_nose_plugin.py", line 106, in loadTestsFromModule
    for suite in super(DoctestPluginHelper, self).loadTestsFromModule(module):
  File "/Users/adamn1/.venvs/nltk/lib/python3.5/site-packages/nose/plugins/doctests.py", line 228, in loadTestsFromModule
    tests = self.finder.find(module)
  File "/usr/local/Cellar/python3/3.5.1/Frameworks/Python.framework/Versions/3.5/lib/python3.5/doctest.py", line 923, in find
    self._find(tests, obj, name, module, source_lines, globs, {})
  File "/usr/local/Cellar/python3/3.5.1/Frameworks/Python.framework/Versions/3.5/lib/python3.5/doctest.py", line 982, in _find
    if ((inspect.isroutine(inspect.unwrap(val))
  File "/usr/local/Cellar/python3/3.5.1/Frameworks/Python.framework/Versions/3.5/lib/python3.5/inspect.py", line 471, in unwrap
    while _is_wrapper(func):
  File "/usr/local/Cellar/python3/3.5.1/Frameworks/Python.framework/Versions/3.5/lib/python3.5/inspect.py", line 465, in _is_wrapper
    return hasattr(f, '__wrapped__')
  File "/Users/adamn1/dev/nltk/nltk/corpus/util.py", line 116, in __getattr__
    self.__load()
  File "/Users/adamn1/dev/nltk/nltk/corpus/util.py", line 81, in __load
    except LookupError: raise e
  File "/Users/adamn1/dev/nltk/nltk/corpus/util.py", line 78, in __load
    root = nltk.data.find('{}/{}'.format(self.subdir, self.__name))
  File "/Users/adamn1/dev/nltk/nltk/data.py", line 641, in find
    raise LookupError(resource_not_found)
LookupError: 
**********************************************************************
  Resource 'corpora/nonbreaking_prefixes' not found.  Please use
  the NLTK Downloader to obtain the resource:  >>> nltk.download()
  Searched in:
    - '/Users/adamn1/nltk_data'
    - '/usr/share/nltk_data'
    - '/usr/local/share/nltk_data'
    - '/usr/lib/nltk_data'
    - '/usr/local/lib/nltk_data'
**********************************************************************
]]></error></testcase><testcase classname="nltk.data" name="normalize_resource_name" time="0.002"></testcase><testcase classname="nltk.data" name="normalize_resource_url" time="0.002"></testcase><testcase classname="nltk.data" name="split_resource_url" time="0.002"></testcase><testcase classname="nltk.decorators" name="decorator" time="0.002"></testcase><testcase classname="nltk.decorators" name="getinfo" time="0.001"></testcase><testcase classname="nltk" name="downloader" time="0.001"></testcase><testcase classname="&lt;nose.suite.ContextSuite context=nltk" name="draw&gt;:setup" time="0.001"><skipped type="unittest.case.SkipTest" message="nltk.draw examples are not doctests"><![CDATA[Traceback (most recent call last):
  File "/Users/adamn1/.venvs/nltk/lib/python3.5/site-packages/nose/suite.py", line 210, in run
    self.setUp()
  File "/Users/adamn1/.venvs/nltk/lib/python3.5/site-packages/nose/suite.py", line 293, in setUp
    self.setupContext(ancestor)
  File "/Users/adamn1/.venvs/nltk/lib/python3.5/site-packages/nose/suite.py", line 316, in setupContext
    try_run(context, names)
  File "/Users/adamn1/.venvs/nltk/lib/python3.5/site-packages/nose/util.py", line 469, in try_run
    return func(obj)
  File "/Users/adamn1/dev/nltk/nltk/draw/__init__.py", line 28, in setup_module
    raise SkipTest("nltk.draw examples are not doctests")
unittest.case.SkipTest: nltk.draw examples are not doctests
]]></skipped></testcase><testcase classname="nltk" name="featstruct" time="0.002"></testcase><testcase classname="nltk.featstruct" name="rename_variables" time="0.003"></testcase><testcase classname="nltk.featstruct" name="unify" time="0.002"></testcase><testcase classname="nltk.internals" name="Deprecated" time="0.001"></testcase><testcase classname="nltk.internals.ElementWrapper" name="__init__" time="0.001"></testcase><testcase classname="nltk.internals" name="deprecated" time="0.002"></testcase><testcase classname="nltk.internals" name="overridden" time="0.002"></testcase><testcase classname="nltk.internals" name="read_int" time="0.001"></testcase><testcase classname="nltk.internals" name="read_number" time="0.001"></testcase><testcase classname="nltk.internals" name="read_str" time="0.001"></testcase><testcase classname="nltk.metrics" name="agreement" time="0.028"></testcase><testcase classname="nltk.metrics" name="aline" time="0.003"></testcase><testcase classname="nltk.metrics.association.TrigramAssocMeasures" name="_contingency" time="0.001"></testcase><testcase classname="nltk.metrics.association.TrigramAssocMeasures" name="_marginals" time="0.001"></testcase><testcase classname="nltk.metrics.confusionmatrix" name="ConfusionMatrix" time="0.002"></testcase><testcase classname="nltk.metrics.distance" name="binary_distance" time="0.002"></testcase><testcase classname="nltk.metrics.distance" name="interval_distance" time="0.001"></testcase><testcase classname="nltk.metrics.distance" name="masi_distance" time="0.001"></testcase><testcase classname="nltk.metrics.segmentation" name="ghd" time="0.002"></testcase><testcase classname="nltk.metrics.segmentation" name="pk" time="0.003"></testcase><testcase classname="nltk.metrics.segmentation" name="windowdiff" time="0.001"></testcase><testcase classname="nltk.parse.evaluate" name="DependencyEvaluator" time="0.002"></testcase><testcase classname="nltk.parse.malt" name="MaltParser" time="0.001"></testcase><testcase classname="nltk.parse.nonprojectivedependencyparser" name="NaiveBayesDependencyScorer" time="0.032"></testcase><testcase classname="nltk.parse.nonprojectivedependencyparser" name="ProbabilisticNonprojectiveParser" time="0.013"></testcase><testcase classname="nltk.parse.projectivedependencyparser" name="ProbabilisticProjectiveDependencyParser" time="0.007"></testcase><testcase classname="nltk.parse.stanford" name="StanfordDependencyParser" time="0.683"><failure type="builtins.AssertionError" message="Failed doctest test for nltk.parse.stanford.StanfordDependencyParser&#10;  File &quot;/Users/adamn1/dev/nltk/nltk/parse/stanford.py&quot;, line 287, in StanfordDependencyParser&#10;&#10;----------------------------------------------------------------------&#10;File &quot;/Users/adamn1/dev/nltk/nltk/parse/stanford.py&quot;, line 293, in nltk.parse.stanford.StanfordDependencyParser&#10;Failed example:&#10;    [parse.tree() for parse in dep_parser.raw_parse(&quot;The quick brown fox jumps over the lazy dog.&quot;)] # doctest: +NORMALIZE_WHITESPACE&#10;Exception raised:&#10;    Traceback (most recent call last):&#10;      File &quot;/usr/local/Cellar/python3/3.5.1/Frameworks/Python.framework/Versions/3.5/lib/python3.5/doctest.py&quot;, line 1320, in __run&#10;        compileflags, 1), test.globs)&#10;      File &quot;&lt;doctest nltk.parse.stanford.StanfordDependencyParser[1]&gt;&quot;, line 1, in &lt;module&gt;&#10;        [parse.tree() for parse in dep_parser.raw_parse(&quot;The quick brown fox jumps over the lazy dog.&quot;)] # doctest: +NORMALIZE_WHITESPACE&#10;      File &quot;/Users/adamn1/dev/nltk/nltk/parse/stanford.py&quot;, line 132, in raw_parse&#10;        return next(self.raw_parse_sents([sentence], verbose))&#10;      File &quot;/Users/adamn1/dev/nltk/nltk/parse/stanford.py&quot;, line 150, in raw_parse_sents&#10;        return self._parse_trees_output(self._execute(cmd, '\n'.join(sentences), verbose))&#10;      File &quot;/Users/adamn1/dev/nltk/nltk/parse/stanford.py&quot;, line 216, in _execute&#10;        stdout=PIPE, stderr=PIPE)&#10;      File &quot;/Users/adamn1/dev/nltk/nltk/internals.py&quot;, line 134, in java&#10;        raise OSError('Java command failed : ' + str(cmd))&#10;    OSError: Java command failed : ['/usr/bin/java', '-mx1000m', '-cp', '/Users/adamn1/third/stanford-parser/stanford-parser-3.6.0-models.jar:/Users/adamn1/third/stanford-parser/ejml-0.23.jar:/Users/adamn1/third/stanford-parser/slf4j-api.jar:/Users/adamn1/third/stanford-parser/slf4j-simple.jar:/Users/adamn1/third/stanford-parser/stanford-parser-3.6.0-javadoc.jar:/Users/adamn1/third/stanford-parser/stanford-parser-3.6.0-models.jar:/Users/adamn1/third/stanford-parser/stanford-parser-3.6.0-sources.jar:/Users/adamn1/third/stanford-parser/stanford-parser.jar', 'edu.stanford.nlp.parser.lexparser.LexicalizedParser', '-model', 'edu/stanford/nlp/models/lexparser/englishPCFG.ser.gz', '-sentences', 'newline', '-outputFormat', 'conll2007', '-encoding', 'utf8', '/var/folders/vf/3rsfnspx2z995zyfst389tm80000gp/T/tmpqjej6_22']&#10;----------------------------------------------------------------------&#10;File &quot;/Users/adamn1/dev/nltk/nltk/parse/stanford.py&quot;, line 296, in nltk.parse.stanford.StanfordDependencyParser&#10;Failed example:&#10;    [list(parse.triples()) for parse in dep_parser.raw_parse(&quot;The quick brown fox jumps over the lazy dog.&quot;)] # doctest: +NORMALIZE_WHITESPACE&#10;Exception raised:&#10;    Traceback (most recent call last):&#10;      File &quot;/usr/local/Cellar/python3/3.5.1/Frameworks/Python.framework/Versions/3.5/lib/python3.5/doctest.py&quot;, line 1320, in __run&#10;        compileflags, 1), test.globs)&#10;      File &quot;&lt;doctest nltk.parse.stanford.StanfordDependencyParser[2]&gt;&quot;, line 1, in &lt;module&gt;&#10;        [list(parse.triples()) for parse in dep_parser.raw_parse(&quot;The quick brown fox jumps over the lazy dog.&quot;)] # doctest: +NORMALIZE_WHITESPACE&#10;      File &quot;/Users/adamn1/dev/nltk/nltk/parse/stanford.py&quot;, line 132, in raw_parse&#10;        return next(self.raw_parse_sents([sentence], verbose))&#10;      File &quot;/Users/adamn1/dev/nltk/nltk/parse/stanford.py&quot;, line 150, in raw_parse_sents&#10;        return self._parse_trees_output(self._execute(cmd, '\n'.join(sentences), verbose))&#10;      File &quot;/Users/adamn1/dev/nltk/nltk/parse/stanford.py&quot;, line 216, in _execute&#10;        stdout=PIPE, stderr=PIPE)&#10;      File &quot;/Users/adamn1/dev/nltk/nltk/internals.py&quot;, line 134, in java&#10;        raise OSError('Java command failed : ' + str(cmd))&#10;    OSError: Java command failed : ['/usr/bin/java', '-mx1000m', '-cp', '/Users/adamn1/third/stanford-parser/stanford-parser-3.6.0-models.jar:/Users/adamn1/third/stanford-parser/ejml-0.23.jar:/Users/adamn1/third/stanford-parser/slf4j-api.jar:/Users/adamn1/third/stanford-parser/slf4j-simple.jar:/Users/adamn1/third/stanford-parser/stanford-parser-3.6.0-javadoc.jar:/Users/adamn1/third/stanford-parser/stanford-parser-3.6.0-models.jar:/Users/adamn1/third/stanford-parser/stanford-parser-3.6.0-sources.jar:/Users/adamn1/third/stanford-parser/stanford-parser.jar', 'edu.stanford.nlp.parser.lexparser.LexicalizedParser', '-model', 'edu/stanford/nlp/models/lexparser/englishPCFG.ser.gz', '-sentences', 'newline', '-outputFormat', 'conll2007', '-encoding', 'utf8', '/var/folders/vf/3rsfnspx2z995zyfst389tm80000gp/T/tmp8d5tlmgd']&#10;----------------------------------------------------------------------&#10;File &quot;/Users/adamn1/dev/nltk/nltk/parse/stanford.py&quot;, line 302, in nltk.parse.stanford.StanfordDependencyParser&#10;Failed example:&#10;    sum([[parse.tree() for parse in dep_graphs] for dep_graphs in dep_parser.raw_parse_sents((&#10;        &quot;The quick brown fox jumps over the lazy dog.&quot;,&#10;        &quot;The quick grey wolf jumps over the lazy fox.&quot;&#10;    ))], []) # doctest: +NORMALIZE_WHITESPACE&#10;Exception raised:&#10;    Traceback (most recent call last):&#10;      File &quot;/usr/local/Cellar/python3/3.5.1/Frameworks/Python.framework/Versions/3.5/lib/python3.5/doctest.py&quot;, line 1320, in __run&#10;        compileflags, 1), test.globs)&#10;      File &quot;&lt;doctest nltk.parse.stanford.StanfordDependencyParser[3]&gt;&quot;, line 3, in &lt;module&gt;&#10;        &quot;The quick grey wolf jumps over the lazy fox.&quot;&#10;      File &quot;/Users/adamn1/dev/nltk/nltk/parse/stanford.py&quot;, line 150, in raw_parse_sents&#10;        return self._parse_trees_output(self._execute(cmd, '\n'.join(sentences), verbose))&#10;      File &quot;/Users/adamn1/dev/nltk/nltk/parse/stanford.py&quot;, line 216, in _execute&#10;        stdout=PIPE, stderr=PIPE)&#10;      File &quot;/Users/adamn1/dev/nltk/nltk/internals.py&quot;, line 134, in java&#10;        raise OSError('Java command failed : ' + str(cmd))&#10;    OSError: Java command failed : ['/usr/bin/java', '-mx1000m', '-cp', '/Users/adamn1/third/stanford-parser/stanford-parser-3.6.0-models.jar:/Users/adamn1/third/stanford-parser/ejml-0.23.jar:/Users/adamn1/third/stanford-parser/slf4j-api.jar:/Users/adamn1/third/stanford-parser/slf4j-simple.jar:/Users/adamn1/third/stanford-parser/stanford-parser-3.6.0-javadoc.jar:/Users/adamn1/third/stanford-parser/stanford-parser-3.6.0-models.jar:/Users/adamn1/third/stanford-parser/stanford-parser-3.6.0-sources.jar:/Users/adamn1/third/stanford-parser/stanford-parser.jar', 'edu.stanford.nlp.parser.lexparser.LexicalizedParser', '-model', 'edu/stanford/nlp/models/lexparser/englishPCFG.ser.gz', '-sentences', 'newline', '-outputFormat', 'conll2007', '-encoding', 'utf8', '/var/folders/vf/3rsfnspx2z995zyfst389tm80000gp/T/tmpqsklu2im']&#10;----------------------------------------------------------------------&#10;File &quot;/Users/adamn1/dev/nltk/nltk/parse/stanford.py&quot;, line 309, in nltk.parse.stanford.StanfordDependencyParser&#10;Failed example:&#10;    sum([[parse.tree() for parse in dep_graphs] for dep_graphs in dep_parser.parse_sents((&#10;        &quot;I 'm a dog&quot;.split(),&#10;        &quot;This is my friends ' cat ( the tabby )&quot;.split(),&#10;    ))], []) # doctest: +NORMALIZE_WHITESPACE&#10;Exception raised:&#10;    Traceback (most recent call last):&#10;      File &quot;/usr/local/Cellar/python3/3.5.1/Frameworks/Python.framework/Versions/3.5/lib/python3.5/doctest.py&quot;, line 1320, in __run&#10;        compileflags, 1), test.globs)&#10;      File &quot;&lt;doctest nltk.parse.stanford.StanfordDependencyParser[4]&gt;&quot;, line 3, in &lt;module&gt;&#10;        &quot;This is my friends ' cat ( the tabby )&quot;.split(),&#10;      File &quot;/Users/adamn1/dev/nltk/nltk/parse/stanford.py&quot;, line 120, in parse_sents&#10;        cmd, '\n'.join(' '.join(sentence) for sentence in sentences), verbose))&#10;      File &quot;/Users/adamn1/dev/nltk/nltk/parse/stanford.py&quot;, line 216, in _execute&#10;        stdout=PIPE, stderr=PIPE)&#10;      File &quot;/Users/adamn1/dev/nltk/nltk/internals.py&quot;, line 134, in java&#10;        raise OSError('Java command failed : ' + str(cmd))&#10;    OSError: Java command failed : ['/usr/bin/java', '-mx1000m', '-cp', '/Users/adamn1/third/stanford-parser/stanford-parser-3.6.0-models.jar:/Users/adamn1/third/stanford-parser/ejml-0.23.jar:/Users/adamn1/third/stanford-parser/slf4j-api.jar:/Users/adamn1/third/stanford-parser/slf4j-simple.jar:/Users/adamn1/third/stanford-parser/stanford-parser-3.6.0-javadoc.jar:/Users/adamn1/third/stanford-parser/stanford-parser-3.6.0-models.jar:/Users/adamn1/third/stanford-parser/stanford-parser-3.6.0-sources.jar:/Users/adamn1/third/stanford-parser/stanford-parser.jar', 'edu.stanford.nlp.parser.lexparser.LexicalizedParser', '-model', 'edu/stanford/nlp/models/lexparser/englishPCFG.ser.gz', '-sentences', 'newline', '-outputFormat', 'conll2007', '-tokenized', '-escaper', 'edu.stanford.nlp.process.PTBEscapingProcessor', '-encoding', 'utf8', '/var/folders/vf/3rsfnspx2z995zyfst389tm80000gp/T/tmpxi52sjpf']&#10;----------------------------------------------------------------------&#10;File &quot;/Users/adamn1/dev/nltk/nltk/parse/stanford.py&quot;, line 315, in nltk.parse.stanford.StanfordDependencyParser&#10;Failed example:&#10;    sum([[list(parse.triples()) for parse in dep_graphs] for dep_graphs in dep_parser.tagged_parse_sents((&#10;        (&#10;            (&quot;The&quot;, &quot;DT&quot;),&#10;            (&quot;quick&quot;, &quot;JJ&quot;),&#10;            (&quot;brown&quot;, &quot;JJ&quot;),&#10;            (&quot;fox&quot;, &quot;NN&quot;),&#10;            (&quot;jumped&quot;, &quot;VBD&quot;),&#10;            (&quot;over&quot;, &quot;IN&quot;),&#10;            (&quot;the&quot;, &quot;DT&quot;),&#10;            (&quot;lazy&quot;, &quot;JJ&quot;),&#10;            (&quot;dog&quot;, &quot;NN&quot;),&#10;            (&quot;.&quot;, &quot;.&quot;),&#10;        ),&#10;    ))],[]) # doctest: +NORMALIZE_WHITESPACE&#10;Exception raised:&#10;    Traceback (most recent call last):&#10;      File &quot;/usr/local/Cellar/python3/3.5.1/Frameworks/Python.framework/Versions/3.5/lib/python3.5/doctest.py&quot;, line 1320, in __run&#10;        compileflags, 1), test.globs)&#10;      File &quot;&lt;doctest nltk.parse.stanford.StanfordDependencyParser[5]&gt;&quot;, line 12, in &lt;module&gt;&#10;        (&quot;.&quot;, &quot;.&quot;),&#10;      File &quot;/Users/adamn1/dev/nltk/nltk/parse/stanford.py&quot;, line 187, in tagged_parse_sents&#10;        cmd, '\n'.join(' '.join(tag_separator.join(tagged) for tagged in sentence) for sentence in sentences), verbose))&#10;      File &quot;/Users/adamn1/dev/nltk/nltk/parse/stanford.py&quot;, line 216, in _execute&#10;        stdout=PIPE, stderr=PIPE)&#10;      File &quot;/Users/adamn1/dev/nltk/nltk/internals.py&quot;, line 134, in java&#10;        raise OSError('Java command failed : ' + str(cmd))&#10;    OSError: Java command failed : ['/usr/bin/java', '-mx1000m', '-cp', '/Users/adamn1/third/stanford-parser/stanford-parser-3.6.0-models.jar:/Users/adamn1/third/stanford-parser/ejml-0.23.jar:/Users/adamn1/third/stanford-parser/slf4j-api.jar:/Users/adamn1/third/stanford-parser/slf4j-simple.jar:/Users/adamn1/third/stanford-parser/stanford-parser-3.6.0-javadoc.jar:/Users/adamn1/third/stanford-parser/stanford-parser-3.6.0-models.jar:/Users/adamn1/third/stanford-parser/stanford-parser-3.6.0-sources.jar:/Users/adamn1/third/stanford-parser/stanford-parser.jar', 'edu.stanford.nlp.parser.lexparser.LexicalizedParser', '-model', 'edu/stanford/nlp/models/lexparser/englishPCFG.ser.gz', '-sentences', 'newline', '-outputFormat', 'conll2007', '-tokenized', '-tagSeparator', '/', '-tokenizerFactory', 'edu.stanford.nlp.process.WhitespaceTokenizer', '-tokenizerMethod', 'newCoreLabelTokenizerFactory', '-encoding', 'utf8', '/var/folders/vf/3rsfnspx2z995zyfst389tm80000gp/T/tmp7kd_p53c']&#10;"><![CDATA[Traceback (most recent call last):
  File "/usr/local/Cellar/python3/3.5.1/Frameworks/Python.framework/Versions/3.5/lib/python3.5/unittest/case.py", line 58, in testPartExecutor
    yield
  File "/usr/local/Cellar/python3/3.5.1/Frameworks/Python.framework/Versions/3.5/lib/python3.5/unittest/case.py", line 600, in run
    testMethod()
  File "/usr/local/Cellar/python3/3.5.1/Frameworks/Python.framework/Versions/3.5/lib/python3.5/doctest.py", line 2189, in runTest
    raise self.failureException(self.format_failure(new.getvalue()))
AssertionError: Failed doctest test for nltk.parse.stanford.StanfordDependencyParser
  File "/Users/adamn1/dev/nltk/nltk/parse/stanford.py", line 287, in StanfordDependencyParser

----------------------------------------------------------------------
File "/Users/adamn1/dev/nltk/nltk/parse/stanford.py", line 293, in nltk.parse.stanford.StanfordDependencyParser
Failed example:
    [parse.tree() for parse in dep_parser.raw_parse("The quick brown fox jumps over the lazy dog.")] # doctest: +NORMALIZE_WHITESPACE
Exception raised:
    Traceback (most recent call last):
      File "/usr/local/Cellar/python3/3.5.1/Frameworks/Python.framework/Versions/3.5/lib/python3.5/doctest.py", line 1320, in __run
        compileflags, 1), test.globs)
      File "<doctest nltk.parse.stanford.StanfordDependencyParser[1]>", line 1, in <module>
        [parse.tree() for parse in dep_parser.raw_parse("The quick brown fox jumps over the lazy dog.")] # doctest: +NORMALIZE_WHITESPACE
      File "/Users/adamn1/dev/nltk/nltk/parse/stanford.py", line 132, in raw_parse
        return next(self.raw_parse_sents([sentence], verbose))
      File "/Users/adamn1/dev/nltk/nltk/parse/stanford.py", line 150, in raw_parse_sents
        return self._parse_trees_output(self._execute(cmd, '\n'.join(sentences), verbose))
      File "/Users/adamn1/dev/nltk/nltk/parse/stanford.py", line 216, in _execute
        stdout=PIPE, stderr=PIPE)
      File "/Users/adamn1/dev/nltk/nltk/internals.py", line 134, in java
        raise OSError('Java command failed : ' + str(cmd))
    OSError: Java command failed : ['/usr/bin/java', '-mx1000m', '-cp', '/Users/adamn1/third/stanford-parser/stanford-parser-3.6.0-models.jar:/Users/adamn1/third/stanford-parser/ejml-0.23.jar:/Users/adamn1/third/stanford-parser/slf4j-api.jar:/Users/adamn1/third/stanford-parser/slf4j-simple.jar:/Users/adamn1/third/stanford-parser/stanford-parser-3.6.0-javadoc.jar:/Users/adamn1/third/stanford-parser/stanford-parser-3.6.0-models.jar:/Users/adamn1/third/stanford-parser/stanford-parser-3.6.0-sources.jar:/Users/adamn1/third/stanford-parser/stanford-parser.jar', 'edu.stanford.nlp.parser.lexparser.LexicalizedParser', '-model', 'edu/stanford/nlp/models/lexparser/englishPCFG.ser.gz', '-sentences', 'newline', '-outputFormat', 'conll2007', '-encoding', 'utf8', '/var/folders/vf/3rsfnspx2z995zyfst389tm80000gp/T/tmpqjej6_22']
----------------------------------------------------------------------
File "/Users/adamn1/dev/nltk/nltk/parse/stanford.py", line 296, in nltk.parse.stanford.StanfordDependencyParser
Failed example:
    [list(parse.triples()) for parse in dep_parser.raw_parse("The quick brown fox jumps over the lazy dog.")] # doctest: +NORMALIZE_WHITESPACE
Exception raised:
    Traceback (most recent call last):
      File "/usr/local/Cellar/python3/3.5.1/Frameworks/Python.framework/Versions/3.5/lib/python3.5/doctest.py", line 1320, in __run
        compileflags, 1), test.globs)
      File "<doctest nltk.parse.stanford.StanfordDependencyParser[2]>", line 1, in <module>
        [list(parse.triples()) for parse in dep_parser.raw_parse("The quick brown fox jumps over the lazy dog.")] # doctest: +NORMALIZE_WHITESPACE
      File "/Users/adamn1/dev/nltk/nltk/parse/stanford.py", line 132, in raw_parse
        return next(self.raw_parse_sents([sentence], verbose))
      File "/Users/adamn1/dev/nltk/nltk/parse/stanford.py", line 150, in raw_parse_sents
        return self._parse_trees_output(self._execute(cmd, '\n'.join(sentences), verbose))
      File "/Users/adamn1/dev/nltk/nltk/parse/stanford.py", line 216, in _execute
        stdout=PIPE, stderr=PIPE)
      File "/Users/adamn1/dev/nltk/nltk/internals.py", line 134, in java
        raise OSError('Java command failed : ' + str(cmd))
    OSError: Java command failed : ['/usr/bin/java', '-mx1000m', '-cp', '/Users/adamn1/third/stanford-parser/stanford-parser-3.6.0-models.jar:/Users/adamn1/third/stanford-parser/ejml-0.23.jar:/Users/adamn1/third/stanford-parser/slf4j-api.jar:/Users/adamn1/third/stanford-parser/slf4j-simple.jar:/Users/adamn1/third/stanford-parser/stanford-parser-3.6.0-javadoc.jar:/Users/adamn1/third/stanford-parser/stanford-parser-3.6.0-models.jar:/Users/adamn1/third/stanford-parser/stanford-parser-3.6.0-sources.jar:/Users/adamn1/third/stanford-parser/stanford-parser.jar', 'edu.stanford.nlp.parser.lexparser.LexicalizedParser', '-model', 'edu/stanford/nlp/models/lexparser/englishPCFG.ser.gz', '-sentences', 'newline', '-outputFormat', 'conll2007', '-encoding', 'utf8', '/var/folders/vf/3rsfnspx2z995zyfst389tm80000gp/T/tmp8d5tlmgd']
----------------------------------------------------------------------
File "/Users/adamn1/dev/nltk/nltk/parse/stanford.py", line 302, in nltk.parse.stanford.StanfordDependencyParser
Failed example:
    sum([[parse.tree() for parse in dep_graphs] for dep_graphs in dep_parser.raw_parse_sents((
        "The quick brown fox jumps over the lazy dog.",
        "The quick grey wolf jumps over the lazy fox."
    ))], []) # doctest: +NORMALIZE_WHITESPACE
Exception raised:
    Traceback (most recent call last):
      File "/usr/local/Cellar/python3/3.5.1/Frameworks/Python.framework/Versions/3.5/lib/python3.5/doctest.py", line 1320, in __run
        compileflags, 1), test.globs)
      File "<doctest nltk.parse.stanford.StanfordDependencyParser[3]>", line 3, in <module>
        "The quick grey wolf jumps over the lazy fox."
      File "/Users/adamn1/dev/nltk/nltk/parse/stanford.py", line 150, in raw_parse_sents
        return self._parse_trees_output(self._execute(cmd, '\n'.join(sentences), verbose))
      File "/Users/adamn1/dev/nltk/nltk/parse/stanford.py", line 216, in _execute
        stdout=PIPE, stderr=PIPE)
      File "/Users/adamn1/dev/nltk/nltk/internals.py", line 134, in java
        raise OSError('Java command failed : ' + str(cmd))
    OSError: Java command failed : ['/usr/bin/java', '-mx1000m', '-cp', '/Users/adamn1/third/stanford-parser/stanford-parser-3.6.0-models.jar:/Users/adamn1/third/stanford-parser/ejml-0.23.jar:/Users/adamn1/third/stanford-parser/slf4j-api.jar:/Users/adamn1/third/stanford-parser/slf4j-simple.jar:/Users/adamn1/third/stanford-parser/stanford-parser-3.6.0-javadoc.jar:/Users/adamn1/third/stanford-parser/stanford-parser-3.6.0-models.jar:/Users/adamn1/third/stanford-parser/stanford-parser-3.6.0-sources.jar:/Users/adamn1/third/stanford-parser/stanford-parser.jar', 'edu.stanford.nlp.parser.lexparser.LexicalizedParser', '-model', 'edu/stanford/nlp/models/lexparser/englishPCFG.ser.gz', '-sentences', 'newline', '-outputFormat', 'conll2007', '-encoding', 'utf8', '/var/folders/vf/3rsfnspx2z995zyfst389tm80000gp/T/tmpqsklu2im']
----------------------------------------------------------------------
File "/Users/adamn1/dev/nltk/nltk/parse/stanford.py", line 309, in nltk.parse.stanford.StanfordDependencyParser
Failed example:
    sum([[parse.tree() for parse in dep_graphs] for dep_graphs in dep_parser.parse_sents((
        "I 'm a dog".split(),
        "This is my friends ' cat ( the tabby )".split(),
    ))], []) # doctest: +NORMALIZE_WHITESPACE
Exception raised:
    Traceback (most recent call last):
      File "/usr/local/Cellar/python3/3.5.1/Frameworks/Python.framework/Versions/3.5/lib/python3.5/doctest.py", line 1320, in __run
        compileflags, 1), test.globs)
      File "<doctest nltk.parse.stanford.StanfordDependencyParser[4]>", line 3, in <module>
        "This is my friends ' cat ( the tabby )".split(),
      File "/Users/adamn1/dev/nltk/nltk/parse/stanford.py", line 120, in parse_sents
        cmd, '\n'.join(' '.join(sentence) for sentence in sentences), verbose))
      File "/Users/adamn1/dev/nltk/nltk/parse/stanford.py", line 216, in _execute
        stdout=PIPE, stderr=PIPE)
      File "/Users/adamn1/dev/nltk/nltk/internals.py", line 134, in java
        raise OSError('Java command failed : ' + str(cmd))
    OSError: Java command failed : ['/usr/bin/java', '-mx1000m', '-cp', '/Users/adamn1/third/stanford-parser/stanford-parser-3.6.0-models.jar:/Users/adamn1/third/stanford-parser/ejml-0.23.jar:/Users/adamn1/third/stanford-parser/slf4j-api.jar:/Users/adamn1/third/stanford-parser/slf4j-simple.jar:/Users/adamn1/third/stanford-parser/stanford-parser-3.6.0-javadoc.jar:/Users/adamn1/third/stanford-parser/stanford-parser-3.6.0-models.jar:/Users/adamn1/third/stanford-parser/stanford-parser-3.6.0-sources.jar:/Users/adamn1/third/stanford-parser/stanford-parser.jar', 'edu.stanford.nlp.parser.lexparser.LexicalizedParser', '-model', 'edu/stanford/nlp/models/lexparser/englishPCFG.ser.gz', '-sentences', 'newline', '-outputFormat', 'conll2007', '-tokenized', '-escaper', 'edu.stanford.nlp.process.PTBEscapingProcessor', '-encoding', 'utf8', '/var/folders/vf/3rsfnspx2z995zyfst389tm80000gp/T/tmpxi52sjpf']
----------------------------------------------------------------------
File "/Users/adamn1/dev/nltk/nltk/parse/stanford.py", line 315, in nltk.parse.stanford.StanfordDependencyParser
Failed example:
    sum([[list(parse.triples()) for parse in dep_graphs] for dep_graphs in dep_parser.tagged_parse_sents((
        (
            ("The", "DT"),
            ("quick", "JJ"),
            ("brown", "JJ"),
            ("fox", "NN"),
            ("jumped", "VBD"),
            ("over", "IN"),
            ("the", "DT"),
            ("lazy", "JJ"),
            ("dog", "NN"),
            (".", "."),
        ),
    ))],[]) # doctest: +NORMALIZE_WHITESPACE
Exception raised:
    Traceback (most recent call last):
      File "/usr/local/Cellar/python3/3.5.1/Frameworks/Python.framework/Versions/3.5/lib/python3.5/doctest.py", line 1320, in __run
        compileflags, 1), test.globs)
      File "<doctest nltk.parse.stanford.StanfordDependencyParser[5]>", line 12, in <module>
        (".", "."),
      File "/Users/adamn1/dev/nltk/nltk/parse/stanford.py", line 187, in tagged_parse_sents
        cmd, '\n'.join(' '.join(tag_separator.join(tagged) for tagged in sentence) for sentence in sentences), verbose))
      File "/Users/adamn1/dev/nltk/nltk/parse/stanford.py", line 216, in _execute
        stdout=PIPE, stderr=PIPE)
      File "/Users/adamn1/dev/nltk/nltk/internals.py", line 134, in java
        raise OSError('Java command failed : ' + str(cmd))
    OSError: Java command failed : ['/usr/bin/java', '-mx1000m', '-cp', '/Users/adamn1/third/stanford-parser/stanford-parser-3.6.0-models.jar:/Users/adamn1/third/stanford-parser/ejml-0.23.jar:/Users/adamn1/third/stanford-parser/slf4j-api.jar:/Users/adamn1/third/stanford-parser/slf4j-simple.jar:/Users/adamn1/third/stanford-parser/stanford-parser-3.6.0-javadoc.jar:/Users/adamn1/third/stanford-parser/stanford-parser-3.6.0-models.jar:/Users/adamn1/third/stanford-parser/stanford-parser-3.6.0-sources.jar:/Users/adamn1/third/stanford-parser/stanford-parser.jar', 'edu.stanford.nlp.parser.lexparser.LexicalizedParser', '-model', 'edu/stanford/nlp/models/lexparser/englishPCFG.ser.gz', '-sentences', 'newline', '-outputFormat', 'conll2007', '-tokenized', '-tagSeparator', '/', '-tokenizerFactory', 'edu.stanford.nlp.process.WhitespaceTokenizer', '-tokenizerMethod', 'newCoreLabelTokenizerFactory', '-encoding', 'utf8', '/var/folders/vf/3rsfnspx2z995zyfst389tm80000gp/T/tmp7kd_p53c']

]]></failure></testcase><testcase classname="nltk.parse.stanford" name="StanfordNeuralDependencyParser" time="0.416"><failure type="builtins.AssertionError" message="Failed doctest test for nltk.parse.stanford.StanfordNeuralDependencyParser&#10;  File &quot;/Users/adamn1/dev/nltk/nltk/parse/stanford.py&quot;, line 342, in StanfordNeuralDependencyParser&#10;&#10;----------------------------------------------------------------------&#10;File &quot;/Users/adamn1/dev/nltk/nltk/parse/stanford.py&quot;, line 347, in nltk.parse.stanford.StanfordNeuralDependencyParser&#10;Failed example:&#10;    [parse.tree() for parse in dep_parser.raw_parse(&quot;The quick brown fox jumps over the lazy dog.&quot;)] # doctest: +NORMALIZE_WHITESPACE&#10;Exception raised:&#10;    Traceback (most recent call last):&#10;      File &quot;/usr/local/Cellar/python3/3.5.1/Frameworks/Python.framework/Versions/3.5/lib/python3.5/doctest.py&quot;, line 1320, in __run&#10;        compileflags, 1), test.globs)&#10;      File &quot;&lt;doctest nltk.parse.stanford.StanfordNeuralDependencyParser[2]&gt;&quot;, line 1, in &lt;module&gt;&#10;        [parse.tree() for parse in dep_parser.raw_parse(&quot;The quick brown fox jumps over the lazy dog.&quot;)] # doctest: +NORMALIZE_WHITESPACE&#10;      File &quot;/Users/adamn1/dev/nltk/nltk/parse/stanford.py&quot;, line 132, in raw_parse&#10;        return next(self.raw_parse_sents([sentence], verbose))&#10;      File &quot;/Users/adamn1/dev/nltk/nltk/parse/stanford.py&quot;, line 150, in raw_parse_sents&#10;        return self._parse_trees_output(self._execute(cmd, '\n'.join(sentences), verbose))&#10;      File &quot;/Users/adamn1/dev/nltk/nltk/parse/stanford.py&quot;, line 212, in _execute&#10;        stdin=input_file, stdout=PIPE, stderr=PIPE)&#10;      File &quot;/Users/adamn1/dev/nltk/nltk/internals.py&quot;, line 134, in java&#10;        raise OSError('Java command failed : ' + str(cmd))&#10;    OSError: Java command failed : ['/usr/bin/java', '-mx1000m', '-cp', '/Users/adamn1/third/stanford-corenlp/stanford-corenlp-3.5.2-models.jar:/Users/adamn1/third/stanford-corenlp/ejml-0.23.jar:/Users/adamn1/third/stanford-corenlp/javax.json-api-1.0-sources.jar:/Users/adamn1/third/stanford-corenlp/javax.json.jar:/Users/adamn1/third/stanford-corenlp/joda-time-2.1-sources.jar:/Users/adamn1/third/stanford-corenlp/joda-time.jar:/Users/adamn1/third/stanford-corenlp/jollyday-0.4.7-sources.jar:/Users/adamn1/third/stanford-corenlp/jollyday.jar:/Users/adamn1/third/stanford-corenlp/protobuf.jar:/Users/adamn1/third/stanford-corenlp/stanford-corenlp-3.5.2-javadoc.jar:/Users/adamn1/third/stanford-corenlp/stanford-corenlp-3.5.2-models.jar:/Users/adamn1/third/stanford-corenlp/stanford-corenlp-3.5.2-sources.jar:/Users/adamn1/third/stanford-corenlp/stanford-corenlp-3.5.2.jar:/Users/adamn1/third/stanford-corenlp/xom-1.2.10-src.jar:/Users/adamn1/third/stanford-corenlp/xom.jar', 'edu.stanford.nlp.pipeline.StanfordCoreNLP', '-model', 'edu/stanford/nlp/models/lexparser/englishPCFG.ser.gz', '-sentences', 'newline', '-outputFormat', 'conll', '-encoding', 'utf8', '-annotators tokenize,ssplit,pos,depparse']&#10;----------------------------------------------------------------------&#10;File &quot;/Users/adamn1/dev/nltk/nltk/parse/stanford.py&quot;, line 350, in nltk.parse.stanford.StanfordNeuralDependencyParser&#10;Failed example:&#10;    [list(parse.triples()) for parse in dep_parser.raw_parse(&quot;The quick brown fox jumps over the lazy dog.&quot;)] # doctest: +NORMALIZE_WHITESPACE&#10;Exception raised:&#10;    Traceback (most recent call last):&#10;      File &quot;/usr/local/Cellar/python3/3.5.1/Frameworks/Python.framework/Versions/3.5/lib/python3.5/doctest.py&quot;, line 1320, in __run&#10;        compileflags, 1), test.globs)&#10;      File &quot;&lt;doctest nltk.parse.stanford.StanfordNeuralDependencyParser[3]&gt;&quot;, line 1, in &lt;module&gt;&#10;        [list(parse.triples()) for parse in dep_parser.raw_parse(&quot;The quick brown fox jumps over the lazy dog.&quot;)] # doctest: +NORMALIZE_WHITESPACE&#10;      File &quot;/Users/adamn1/dev/nltk/nltk/parse/stanford.py&quot;, line 132, in raw_parse&#10;        return next(self.raw_parse_sents([sentence], verbose))&#10;      File &quot;/Users/adamn1/dev/nltk/nltk/parse/stanford.py&quot;, line 150, in raw_parse_sents&#10;        return self._parse_trees_output(self._execute(cmd, '\n'.join(sentences), verbose))&#10;      File &quot;/Users/adamn1/dev/nltk/nltk/parse/stanford.py&quot;, line 212, in _execute&#10;        stdin=input_file, stdout=PIPE, stderr=PIPE)&#10;      File &quot;/Users/adamn1/dev/nltk/nltk/internals.py&quot;, line 134, in java&#10;        raise OSError('Java command failed : ' + str(cmd))&#10;    OSError: Java command failed : ['/usr/bin/java', '-mx1000m', '-cp', '/Users/adamn1/third/stanford-corenlp/stanford-corenlp-3.5.2-models.jar:/Users/adamn1/third/stanford-corenlp/ejml-0.23.jar:/Users/adamn1/third/stanford-corenlp/javax.json-api-1.0-sources.jar:/Users/adamn1/third/stanford-corenlp/javax.json.jar:/Users/adamn1/third/stanford-corenlp/joda-time-2.1-sources.jar:/Users/adamn1/third/stanford-corenlp/joda-time.jar:/Users/adamn1/third/stanford-corenlp/jollyday-0.4.7-sources.jar:/Users/adamn1/third/stanford-corenlp/jollyday.jar:/Users/adamn1/third/stanford-corenlp/protobuf.jar:/Users/adamn1/third/stanford-corenlp/stanford-corenlp-3.5.2-javadoc.jar:/Users/adamn1/third/stanford-corenlp/stanford-corenlp-3.5.2-models.jar:/Users/adamn1/third/stanford-corenlp/stanford-corenlp-3.5.2-sources.jar:/Users/adamn1/third/stanford-corenlp/stanford-corenlp-3.5.2.jar:/Users/adamn1/third/stanford-corenlp/xom-1.2.10-src.jar:/Users/adamn1/third/stanford-corenlp/xom.jar', 'edu.stanford.nlp.pipeline.StanfordCoreNLP', '-model', 'edu/stanford/nlp/models/lexparser/englishPCFG.ser.gz', '-sentences', 'newline', '-outputFormat', 'conll', '-encoding', 'utf8', '-annotators tokenize,ssplit,pos,depparse']&#10;----------------------------------------------------------------------&#10;File &quot;/Users/adamn1/dev/nltk/nltk/parse/stanford.py&quot;, line 356, in nltk.parse.stanford.StanfordNeuralDependencyParser&#10;Failed example:&#10;    sum([[parse.tree() for parse in dep_graphs] for dep_graphs in dep_parser.raw_parse_sents((&#10;        &quot;The quick brown fox jumps over the lazy dog.&quot;,&#10;        &quot;The quick grey wolf jumps over the lazy fox.&quot;&#10;    ))], []) # doctest: +NORMALIZE_WHITESPACE&#10;Exception raised:&#10;    Traceback (most recent call last):&#10;      File &quot;/usr/local/Cellar/python3/3.5.1/Frameworks/Python.framework/Versions/3.5/lib/python3.5/doctest.py&quot;, line 1320, in __run&#10;        compileflags, 1), test.globs)&#10;      File &quot;&lt;doctest nltk.parse.stanford.StanfordNeuralDependencyParser[4]&gt;&quot;, line 3, in &lt;module&gt;&#10;        &quot;The quick grey wolf jumps over the lazy fox.&quot;&#10;      File &quot;/Users/adamn1/dev/nltk/nltk/parse/stanford.py&quot;, line 150, in raw_parse_sents&#10;        return self._parse_trees_output(self._execute(cmd, '\n'.join(sentences), verbose))&#10;      File &quot;/Users/adamn1/dev/nltk/nltk/parse/stanford.py&quot;, line 212, in _execute&#10;        stdin=input_file, stdout=PIPE, stderr=PIPE)&#10;      File &quot;/Users/adamn1/dev/nltk/nltk/internals.py&quot;, line 134, in java&#10;        raise OSError('Java command failed : ' + str(cmd))&#10;    OSError: Java command failed : ['/usr/bin/java', '-mx1000m', '-cp', '/Users/adamn1/third/stanford-corenlp/stanford-corenlp-3.5.2-models.jar:/Users/adamn1/third/stanford-corenlp/ejml-0.23.jar:/Users/adamn1/third/stanford-corenlp/javax.json-api-1.0-sources.jar:/Users/adamn1/third/stanford-corenlp/javax.json.jar:/Users/adamn1/third/stanford-corenlp/joda-time-2.1-sources.jar:/Users/adamn1/third/stanford-corenlp/joda-time.jar:/Users/adamn1/third/stanford-corenlp/jollyday-0.4.7-sources.jar:/Users/adamn1/third/stanford-corenlp/jollyday.jar:/Users/adamn1/third/stanford-corenlp/protobuf.jar:/Users/adamn1/third/stanford-corenlp/stanford-corenlp-3.5.2-javadoc.jar:/Users/adamn1/third/stanford-corenlp/stanford-corenlp-3.5.2-models.jar:/Users/adamn1/third/stanford-corenlp/stanford-corenlp-3.5.2-sources.jar:/Users/adamn1/third/stanford-corenlp/stanford-corenlp-3.5.2.jar:/Users/adamn1/third/stanford-corenlp/xom-1.2.10-src.jar:/Users/adamn1/third/stanford-corenlp/xom.jar', 'edu.stanford.nlp.pipeline.StanfordCoreNLP', '-model', 'edu/stanford/nlp/models/lexparser/englishPCFG.ser.gz', '-sentences', 'newline', '-outputFormat', 'conll', '-encoding', 'utf8', '-annotators tokenize,ssplit,pos,depparse']&#10;----------------------------------------------------------------------&#10;File &quot;/Users/adamn1/dev/nltk/nltk/parse/stanford.py&quot;, line 363, in nltk.parse.stanford.StanfordNeuralDependencyParser&#10;Failed example:&#10;    sum([[parse.tree() for parse in dep_graphs] for dep_graphs in dep_parser.parse_sents((&#10;        &quot;I 'm a dog&quot;.split(),&#10;        &quot;This is my friends ' cat ( the tabby )&quot;.split(),&#10;    ))], []) # doctest: +NORMALIZE_WHITESPACE&#10;Exception raised:&#10;    Traceback (most recent call last):&#10;      File &quot;/usr/local/Cellar/python3/3.5.1/Frameworks/Python.framework/Versions/3.5/lib/python3.5/doctest.py&quot;, line 1320, in __run&#10;        compileflags, 1), test.globs)&#10;      File &quot;&lt;doctest nltk.parse.stanford.StanfordNeuralDependencyParser[5]&gt;&quot;, line 3, in &lt;module&gt;&#10;        &quot;This is my friends ' cat ( the tabby )&quot;.split(),&#10;      File &quot;/Users/adamn1/dev/nltk/nltk/parse/stanford.py&quot;, line 120, in parse_sents&#10;        cmd, '\n'.join(' '.join(sentence) for sentence in sentences), verbose))&#10;      File &quot;/Users/adamn1/dev/nltk/nltk/parse/stanford.py&quot;, line 212, in _execute&#10;        stdin=input_file, stdout=PIPE, stderr=PIPE)&#10;      File &quot;/Users/adamn1/dev/nltk/nltk/internals.py&quot;, line 134, in java&#10;        raise OSError('Java command failed : ' + str(cmd))&#10;    OSError: Java command failed : ['/usr/bin/java', '-mx1000m', '-cp', '/Users/adamn1/third/stanford-corenlp/stanford-corenlp-3.5.2-models.jar:/Users/adamn1/third/stanford-corenlp/ejml-0.23.jar:/Users/adamn1/third/stanford-corenlp/javax.json-api-1.0-sources.jar:/Users/adamn1/third/stanford-corenlp/javax.json.jar:/Users/adamn1/third/stanford-corenlp/joda-time-2.1-sources.jar:/Users/adamn1/third/stanford-core
[...]

===========================================================================
NLTK was unable to find the megam file!
Use software specific configuration paramaters or set the MEGAM environment variable.

  For more information on megam, see:
    <http://www.umiacs.umd.edu/~hal/megam/index.html>
===========================================================================
]]></skipped></testcase><testcase classname="nltk.test.unit.test_classify" name="test_tadm" time="0.012"><skipped type="unittest.case.SkipTest" message="&#10;&#10;===========================================================================&#10;NLTK was unable to find the tadm file!&#10;Use software specific configuration paramaters or set the TADM environment variable.&#10;&#10;  For more information on tadm, see:&#10;    &lt;http://tadm.sf.net&gt;&#10;==========================================================================="><![CDATA[Exception: 

===========================================================================
NLTK was unable to find the tadm file!
Use software specific configuration paramaters or set the TADM environment variable.

  For more information on tadm, see:
    <http://tadm.sf.net>
===========================================================================
]]></skipped></testcase><testcase classname="nltk.test.unit.test_collocations.TestBigram" name="test_bigram2" time="0.000"></testcase><testcase classname="nltk.test.unit.test_collocations.TestBigram" name="test_bigram3" time="0.000"></testcase><testcase classname="nltk.test.unit.test_collocations.TestBigram" name="test_bigram5" time="0.000"></testcase><testcase classname="nltk.test.unit.test_corpora.TestCess" name="test_catalan" time="0.113"></testcase><testcase classname="nltk.test.unit.test_corpora.TestCess" name="test_esp" time="0.052"></testcase><testcase classname="nltk.test.unit.test_corpora.TestCoNLL2007" name="test_parsed_sents" time="2.053"></testcase><testcase classname="nltk.test.unit.test_corpora.TestCoNLL2007" name="test_sents" time="0.009"></testcase><testcase classname="nltk.test.unit.test_corpora.TestFloresta" name="test_words" time="0.003"></testcase><testcase classname="nltk.test.unit.test_corpora.TestIndian" name="test_tagged_words" time="0.002"></testcase><testcase classname="nltk.test.unit.test_corpora.TestIndian" name="test_words" time="0.001"></testcase><testcase classname="nltk.test.unit.test_corpora.TestPTB" name="test_categories" time="0.000"><skipped type="unittest.case.SkipTest" message="A full installation of the Penn Treebank is not available"><![CDATA[Exception: A full installation of the Penn Treebank is not available
]]></skipped></testcase><testcase classname="nltk.test.unit.test_corpora.TestPTB" name="test_category_words" time="0.000"><skipped type="unittest.case.SkipTest" message="A full installation of the Penn Treebank is not available"><![CDATA[Exception: A full installation of the Penn Treebank is not available
]]></skipped></testcase><testcase classname="nltk.test.unit.test_corpora.TestPTB" name="test_fileids" time="0.000"><skipped type="unittest.case.SkipTest" message="A full installation of the Penn Treebank is not available"><![CDATA[Exception: A full installation of the Penn Treebank is not available
]]></skipped></testcase><testcase classname="nltk.test.unit.test_corpora.TestPTB" name="test_news_fileids" time="0.000"><skipped type="unittest.case.SkipTest" message="A full installation of the Penn Treebank is not available"><![CDATA[Exception: A full installation of the Penn Treebank is not available
]]></skipped></testcase><testcase classname="nltk.test.unit.test_corpora.TestPTB" name="test_tagged_words" time="0.000"><skipped type="unittest.case.SkipTest" message="A full installation of the Penn Treebank is not available"><![CDATA[Exception: A full installation of the Penn Treebank is not available
]]></skipped></testcase><testcase classname="nltk.test.unit.test_corpora.TestPTB" name="test_words" time="0.000"><skipped type="unittest.case.SkipTest" message="A full installation of the Penn Treebank is not available"><![CDATA[Exception: A full installation of the Penn Treebank is not available
]]></skipped></testcase><testcase classname="nltk.test.unit.test_corpora.TestSinicaTreebank" name="test_parsed_sents" time="0.005"></testcase><testcase classname="nltk.test.unit.test_corpora.TestSinicaTreebank" name="test_sents" time="0.001"></testcase><testcase classname="nltk.test.unit.test_corpora.TestUdhr" name="test_raw_unicode" time="0.133"></testcase><testcase classname="nltk.test.unit.test_corpora.TestUdhr" name="test_words" time="1.874"></testcase><testcase classname="nltk.test.unit.test_corpus_views.TestCorpusViews" name="test_correct_length" time="0.009"></testcase><testcase classname="nltk.test.unit.test_corpus_views.TestCorpusViews" name="test_correct_values" time="0.015"></testcase><testcase classname="nltk.test.unit.test_hmm" name="test_forward_probability" time="0.001"></testcase><testcase classname="nltk.test.unit.test_hmm" name="test_forward_probability2" time="0.001"></testcase><testcase classname="nltk.test.unit.test_hmm" name="test_backward_probability" time="0.001"></testcase><testcase classname="nltk.test.unit.test_json2csv_corpus.TestJSON2CSV" name="test_file_is_wrong" time="0.010"></testcase><testcase classname="nltk.test.unit.test_json2csv_corpus.TestJSON2CSV" name="test_retweet_original_tweet" time="0.011"></testcase><testcase classname="nltk.test.unit.test_json2csv_corpus.TestJSON2CSV" name="test_textoutput" time="0.008"></testcase><testcase classname="nltk.test.unit.test_json2csv_corpus.TestJSON2CSV" name="test_tweet_hashtag" time="0.010"></testcase><testcase classname="nltk.test.unit.test_json2csv_corpus.TestJSON2CSV" name="test_tweet_media" time="0.009"></testcase><testcase classname="nltk.test.unit.test_json2csv_corpus.TestJSON2CSV" name="test_tweet_metadata" time="0.010"></testcase><testcase classname="nltk.test.unit.test_json2csv_corpus.TestJSON2CSV" name="test_tweet_place" time="0.009"></testcase><testcase classname="nltk.test.unit.test_json2csv_corpus.TestJSON2CSV" name="test_tweet_place_boundingbox" time="0.009"></testcase><testcase classname="nltk.test.unit.test_json2csv_corpus.TestJSON2CSV" name="test_tweet_url" time="0.009"></testcase><testcase classname="nltk.test.unit.test_json2csv_corpus.TestJSON2CSV" name="test_tweet_usermention" time="0.012"></testcase><testcase classname="nltk.test.unit.test_json2csv_corpus.TestJSON2CSV" name="test_user_metadata" time="0.010"></testcase><testcase classname="nltk.test.unit.test_json2csv_corpus.TestJSON2CSV" name="test_userurl" time="0.010"></testcase><testcase classname="nltk.test.unit.test_naivebayes.NaiveBayesClassifierTest" name="test_simple" time="0.000"></testcase><testcase classname="nltk.test.unit.test_seekable_unicode_stream_reader" name="test_reader('\n    This is a test file.\n    It is fairly short.\n    ', 'ascii')" time="0.056"></testcase><testcase classname="nltk.test.unit.test_seekable_unicode_stream_reader" name="test_reader('\n    This is a test file.\n    It is fairly short.\n    ', 'latin1')" time="0.053"></testcase><testcase classname="nltk.test.unit.test_seekable_unicode_stream_reader" name="test_reader('\n    This is a test file.\n    It is fairly short.\n    ', 'greek')" time="0.055"></testcase><testcase classname="nltk.test.unit.test_seekable_unicode_stream_reader" name="test_reader('\n    This is a test file.\n    It is fairly short.\n    ', 'hebrew')" time="0.059"></testcase><testcase classname="nltk.test.unit.test_seekable_unicode_stream_reader" name="test_reader('\n    This is a test file.\n    It is fairly short.\n    ', 'utf-16')" time="0.062"></testcase><testcase classname="nltk.test.unit.test_seekable_unicode_stream_reader" name="test_reader('\n    This is a test file.\n    It is fairly short.\n    ', 'utf-8')" time="0.056"></testcase><testcase classname="nltk.test.unit.test_seekable_unicode_stream_reader" name="test_reader('This file can be encoded with latin1. \x83', 'latin1')" time="0.051"></testcase><testcase classname="nltk.test.unit.test_seekable_unicode_stream_reader" name="test_reader('This file can be encoded with latin1. \x83', 'greek')" time="0.053"></testcase><testcase classname="nltk.test.unit.test_seekable_unicode_stream_reader" name="test_reader('This file can be encoded with latin1. \x83', 'hebrew')" time="0.055"></testcase><testcase classname="nltk.test.unit.test_seekable_unicode_stream_reader" name="test_reader('This file can be encoded with latin1. \x83', 'utf-16')" time="0.056"></testcase><testcase classname="nltk.test.unit.test_seekable_unicode_stream_reader" name="test_reader('This file can be encoded with latin1. \x83', 'utf-8')" time="0.062"></testcase><testcase classname="nltk.test.unit.test_seekable_unicode_stream_reader" name="test_reader(&quot;    This is a test file.\n    Here's a blank line:\n\n    And here's some unicode: î ģ ￣\n    &quot;, 'utf-16')" time="0.071"></testcase><testcase classname="nltk.test.unit.test_seekable_unicode_stream_reader" name="test_reader(&quot;    This is a test file.\n    Here's a blank line:\n\n    And here's some unicode: î ģ ￣\n    &quot;, 'utf-8')" time="0.077"></testcase><testcase classname="nltk.test.unit.test_seekable_unicode_stream_reader" name="test_reader('    This is a test file.\n    Unicode characters: ó ∢ ㌳䑄 啕\n    ', 'utf-16')" time="0.065"></testcase><testcase classname="nltk.test.unit.test_seekable_unicode_stream_reader" name="test_reader('    This is a test file.\n    Unicode characters: ó ∢ ㌳䑄 啕\n    ', 'utf-8')" time="0.063"></testcase><testcase classname="nltk.test.unit.test_seekable_unicode_stream_reader" name="test_reader_on_large_string('utf-16',)" time="1.591"></testcase><testcase classname="nltk.test.unit.test_seekable_unicode_stream_reader" name="test_reader_on_large_string('utf-8',)" time="1.566"></testcase><testcase classname="nltk.test.unit.test_stem.SnowballTest" name="test_german" time="0.002"></testcase><testcase classname="nltk.test.unit.test_stem.SnowballTest" name="test_russian" time="0.001"></testcase><testcase classname="nltk.test.unit.test_stem.SnowballTest" name="test_short_strings_bug" time="0.000"></testcase><testcase classname="nltk.test.unit.test_stem.SnowballTest" name="test_spanish" time="0.000"></testcase><testcase classname="nltk.test.unit.test_tag" name="test_basic" time="0.094"></testcase><testcase classname="nltk.test.unit.test_tgrep.TestSequenceFunctions" name="test_bad_operator" time="0.011"></testcase><testcase classname="nltk.test.unit.test_tgrep.TestSequenceFunctions" name="test_comments" time="0.021"></testcase><testcase classname="nltk.test.unit.test_tgrep.TestSequenceFunctions" name="test_examples" time="0.106"></testcase><testcase classname="nltk.test.unit.test_tgrep.TestSequenceFunctions" name="test_labeled_nodes" time="0.156"></testcase><testcase classname="nltk.test.unit.test_tgrep.TestSequenceFunctions" name="test_multiple_conjs" time="0.019"></testcase><testcase classname="nltk.test.unit.test_tgrep.TestSequenceFunctions" name="test_node_encoding" time="0.049"></testcase><testcase classname="nltk.test.unit.test_tgrep.TestSequenceFunctions" name="test_node_nocase" time="0.016"></testcase><testcase classname="nltk.test.unit.test_tgrep.TestSequenceFunctions" name="test_node_noleaves" time="0.018"></testcase><testcase classname="nltk.test.unit.test_tgrep.TestSequenceFunctions" name="test_node_printing" time="0.030"></testcase><testcase classname="nltk.test.unit.test_tgrep.TestSequenceFunctions" name="test_node_quoted" time="0.036"></testcase><testcase classname="nltk.test.unit.test_tgrep.TestSequenceFunctions" name="test_node_regex" time="0.008"></testcase><testcase classname="nltk.test.unit.test_tgrep.TestSequenceFunctions" name="test_node_regex_2" time="0.016"></testcase><testcase classname="nltk.test.unit.test_tgrep.TestSequenceFunctions" name="test_node_simple" time="0.027"></testcase><testcase classname="nltk.test.unit.test_tgrep.TestSequenceFunctions" name="test_node_tree_position" time="0.040"></testcase><testcase classname="nltk.test.unit.test_tgrep.TestSequenceFunctions" name="test_rel_precedence" time="0.090"></testcase><testcase classname="nltk.test.unit.test_tgrep.TestSequenceFunctions" name="test_rel_sister_nodes" time="0.044"></testcase><testcase classname="nltk.test.unit.test_tgrep.TestSequenceFunctions" name="test_tokenize_encoding" time="0.021"></testcase><testcase classname="nltk.test.unit.test_tgrep.TestSequenceFunctions" name="test_tokenize_examples" time="0.068"></testcase><testcase classname="nltk.test.unit.test_tgrep.TestSequenceFunctions" name="test_tokenize_link_types" time="0.316"></testcase><testcase classname="nltk.test.unit.test_tgrep.TestSequenceFunctions" name="test_tokenize_macros" time="0.010"></testcase><testcase classname="nltk.test.unit.test_tgrep.TestSequenceFunctions" name="test_tokenize_node_labels" time="0.014"></testcase><testcase classname="nltk.test.unit.test_tgrep.TestSequenceFunctions" name="test_tokenize_nodenames" time="0.035"></testcase><testcase classname="nltk.test.unit.test_tgrep.TestSequenceFunctions" name="test_tokenize_quoting" time="0.006"></testcase><testcase classname="nltk.test.unit.test_tgrep.TestSequenceFunctions" name="test_tokenize_segmented_patterns" time="0.011"></testcase><testcase classname="nltk.test.unit.test_tgrep.TestSequenceFunctions" name="test_tokenize_simple" time="0.011"></testcase><testcase classname="nltk.test.unit.test_tgrep.TestSequenceFunctions" name="test_trailing_semicolon" time="0.025"></testcase><testcase classname="nltk.test.unit.test_tgrep.TestSequenceFunctions" name="test_use_macros" time="0.025"></testcase><testcase classname="nltk.test.unit.test_tgrep.TestSequenceFunctions" name="tests_rel_dominance" time="0.209"></testcase><testcase classname="nltk.test.unit.test_tgrep.TestSequenceFunctions" name="tests_rel_indexed_children" time="0.152"></testcase><testcase classname="nltk.test.unit.test_tokenize.TestTokenize" name="test_tweet_tokenizer" time="0.000"></testcase><testcase classname="nltk.test.unit.test_twitter_auth.TestCredentials" name="test_correct_file1" time="0.001"></testcase><testcase classname="nltk.test.unit.test_twitter_auth.TestCredentials" name="test_correct_file2" time="0.000"></testcase><testcase classname="nltk.test.unit.test_twitter_auth.TestCredentials" name="test_correct_path" time="0.000"></testcase><testcase classname="nltk.test.unit.test_twitter_auth.TestCredentials" name="test_empty_subdir1" time="0.000"></testcase><testcase classname="nltk.test.unit.test_twitter_auth.TestCredentials" name="test_empty_subdir2" time="0.000"></testcase><testcase classname="nltk.test.unit.test_twitter_auth.TestCredentials" name="test_environment" time="0.000"></testcase><testcase classname="nltk.test.unit.test_twitter_auth.TestCredentials" name="test_incomplete_file" time="0.001"></testcase><testcase classname="nltk.test.unit.test_twitter_auth.TestCredentials" name="test_malformed_file1" time="0.001"></testcase><testcase classname="nltk.test.unit.test_twitter_auth.TestCredentials" name="test_malformed_file2" time="0.000"></testcase><testcase classname="nltk.test.unit.test_twitter_auth.TestCredentials" name="test_missingdir" time="0.000"></testcase><testcase classname="nltk.test.unit.test_twitter_auth.TestCredentials" name="test_missingfile1" time="0.000"></testcase><testcase classname="nltk.test.unit.test_twitter_auth.TestCredentials" name="test_missingfile2" time="0.000"></testcase><testcase classname="util_doctest" name="util_doctest" time="0.003"></testcase><testcase classname="wordnet_doctest" name="wordnet_doctest" time="57.151"></testcase><testcase classname="wordnet_lch_doctest" name="wordnet_lch_doctest" time="3.284"></testcase><testcase classname="wsd_doctest" name="wsd_doctest" time="0.006"></testcase><testcase classname="nose.failure.Failure" name="runTest" time="0.000"><error type="builtins.RuntimeError" message="Python is not installed as a framework. The Mac OS X backend will not be able to function correctly if Python is not installed as a framework. See the Python documentation for more information on installing Python as a framework on Mac OS X. Please either reinstall Python as a framework, or try one of the other backends. If you are Working with Matplotlib in a virtual enviroment see 'Working with Matplotlib in Virtual environments' in the Matplotlib FAQ"><![CDATA[Traceback (most recent call last):
  File "/usr/local/Cellar/python3/3.5.1/Frameworks/Python.framework/Versions/3.5/lib/python3.5/unittest/case.py", line 58, in testPartExecutor
    yield
  File "/usr/local/Cellar/python3/3.5.1/Frameworks/Python.framework/Versions/3.5/lib/python3.5/unittest/case.py", line 600, in run
    testMethod()
  File "/Users/adamn1/.venvs/nltk/lib/python3.5/site-packages/nose/failure.py", line 39, in runTest
    raise self.exc_val.with_traceback(self.tb)
  File "/Users/adamn1/.venvs/nltk/lib/python3.5/site-packages/nose/plugins/manager.py", line 154, in generate
    for r in result:
  File "/Users/adamn1/dev/nltk/nltk/test/doctest_nose_plugin.py", line 106, in loadTestsFromModule
    for suite in super(DoctestPluginHelper, self).loadTestsFromModule(module):
  File "/Users/adamn1/.venvs/nltk/lib/python3.5/site-packages/nose/plugins/doctests.py", line 228, in loadTestsFromModule
    tests = self.finder.find(module)
  File "/usr/local/Cellar/python3/3.5.1/Frameworks/Python.framework/Versions/3.5/lib/python3.5/doctest.py", line 923, in find
    self._find(tests, obj, name, module, source_lines, globs, {})
  File "/usr/local/Cellar/python3/3.5.1/Frameworks/Python.framework/Versions/3.5/lib/python3.5/doctest.py", line 982, in _find
    if ((inspect.isroutine(inspect.unwrap(val))
  File "/usr/local/Cellar/python3/3.5.1/Frameworks/Python.framework/Versions/3.5/lib/python3.5/inspect.py", line 471, in unwrap
    while _is_wrapper(func):
  File "/usr/local/Cellar/python3/3.5.1/Frameworks/Python.framework/Versions/3.5/lib/python3.5/inspect.py", line 465, in _is_wrapper
    return hasattr(f, '__wrapped__')
  File "/Users/adamn1/dev/nltk/nltk/lazyimport.py", line 121, in __getattr__
    module = self.__lazymodule_import()
  File "/Users/adamn1/dev/nltk/nltk/lazyimport.py", line 99, in __lazymodule_import
    '*')
  File "/Users/adamn1/dev/nltk/nltk/app/__init__.py", line 42, in <module>
    from matplotlib import pylab
  File "/Users/adamn1/.venvs/nltk/lib/python3.5/site-packages/matplotlib/pylab.py", line 274, in <module>
    from matplotlib.pyplot import *
  File "/Users/adamn1/.venvs/nltk/lib/python3.5/site-packages/matplotlib/pyplot.py", line 114, in <module>
    _backend_mod, new_figure_manager, draw_if_interactive, _show = pylab_setup()
  File "/Users/adamn1/.venvs/nltk/lib/python3.5/site-packages/matplotlib/backends/__init__.py", line 32, in pylab_setup
    globals(),locals(),[backend_name],0)
  File "/Users/adamn1/.venvs/nltk/lib/python3.5/site-packages/matplotlib/backends/backend_macosx.py", line 24, in <module>
    from matplotlib.backends import _macosx
RuntimeError: Python is not installed as a framework. The Mac OS X backend will not be able to function correctly if Python is not installed as a framework. See the Python documentation for more information on installing Python as a framework on Mac OS X. Please either reinstall Python as a framework, or try one of the other backends. If you are Working with Matplotlib in a virtual enviroment see 'Working with Matplotlib in Virtual environments' in the Matplotlib FAQ
]]></error></testcase></testsuite>